This is pdfTeX, Version 3.141592653-2.6-1.40.24 (MiKTeX 22.3) (preloaded format=pdflatex 2022.3.27)  7 JUL 2022 20:55
entering extended mode
 restricted \write18 enabled.
 file:line:error style messages enabled.
 %&-line parsing enabled.
**d:/si/projekt/ModelowanieGlebokichPrzekonan/latex/DeepBeliefModeling.tex
(d:/si/projekt/ModelowanieGlebokichPrzekonan/latex/DeepBeliefModeling.tex
LaTeX2e <2021-11-15> patch level 1
L3 programming layer <2022-02-24> (C:\Users\qazio\AppData\Local\Programs\MiKTeX\tex/latex/base\article.cls
Document Class: article 2021/10/04 v1.4n Standard LaTeX document class
(C:\Users\qazio\AppData\Local\Programs\MiKTeX\tex/latex/base\size11.clo
File: size11.clo 2021/10/04 v1.4n Standard LaTeX file (size option)
)
\c@part=\count185
\c@section=\count186
\c@subsection=\count187
\c@subsubsection=\count188
\c@paragraph=\count189
\c@subparagraph=\count190
\c@figure=\count191
\c@table=\count192
\abovecaptionskip=\skip47
\belowcaptionskip=\skip48
\bibindent=\dimen138
) (C:\Users\qazio\AppData\Local\Programs\MiKTeX\tex/latex/tcolorbox\tcolorbox.sty
Package: tcolorbox 2022/01/07 version 5.0.2 text color boxes
 (C:\Users\qazio\AppData\Local\Programs\MiKTeX\tex/latex/pgf/basiclayer\pgf.sty (C:\Users\qazio\AppData\Local\Programs\MiKTeX\tex/latex/pgf/utilities\pgfrcs.sty (C:\Users\qazio\AppData\Local\Programs\MiKTeX\tex/generic/pgf/utilities\pgfutil-common.tex
\pgfutil@everybye=\toks16
\pgfutil@tempdima=\dimen139
\pgfutil@tempdimb=\dimen140
 (C:\Users\qazio\AppData\Local\Programs\MiKTeX\tex/generic/pgf/utilities\pgfutil-common-lists.tex)) (C:\Users\qazio\AppData\Local\Programs\MiKTeX\tex/generic/pgf/utilities\pgfutil-latex.def
\pgfutil@abb=\box50
) (C:\Users\qazio\AppData\Local\Programs\MiKTeX\tex/generic/pgf/utilities\pgfrcs.code.tex (C:\Users\qazio\AppData\Local\Programs\MiKTeX\tex/generic/pgf\pgf.revision.tex)
Package: pgfrcs 2021/05/15 v3.1.9a (3.1.9a)
))
Package: pgf 2021/05/15 v3.1.9a (3.1.9a)
 (C:\Users\qazio\AppData\Local\Programs\MiKTeX\tex/latex/pgf/basiclayer\pgfcore.sty (C:\Users\qazio\AppData\Local\Programs\MiKTeX\tex/latex/graphics\graphicx.sty
Package: graphicx 2021/09/16 v1.2d Enhanced LaTeX Graphics (DPC,SPQR)
 (C:\Users\qazio\AppData\Local\Programs\MiKTeX\tex/latex/graphics\keyval.sty
Package: keyval 2014/10/28 v1.15 key=value parser (DPC)
\KV@toks@=\toks17
) (C:\Users\qazio\AppData\Local\Programs\MiKTeX\tex/latex/graphics\graphics.sty
Package: graphics 2021/03/04 v1.4d Standard LaTeX Graphics (DPC,SPQR)
 (C:\Users\qazio\AppData\Local\Programs\MiKTeX\tex/latex/graphics\trig.sty
Package: trig 2021/08/11 v1.11 sin cos tan (DPC)
) (C:\Users\qazio\AppData\Local\Programs\MiKTeX\tex/latex/graphics-cfg\graphics.cfg
File: graphics.cfg 2016/06/04 v1.11 sample graphics configuration
)
Package graphics Info: Driver file: pdftex.def on input line 107.
 (C:\Users\qazio\AppData\Local\Programs\MiKTeX\tex/latex/graphics-def\pdftex.def
File: pdftex.def 2020/10/05 v1.2a Graphics/color driver for pdftex
))
\Gin@req@height=\dimen141
\Gin@req@width=\dimen142
) (C:\Users\qazio\AppData\Local\Programs\MiKTeX\tex/latex/pgf/systemlayer\pgfsys.sty (C:\Users\qazio\AppData\Local\Programs\MiKTeX\tex/generic/pgf/systemlayer\pgfsys.code.tex
Package: pgfsys 2021/05/15 v3.1.9a (3.1.9a)
 (C:\Users\qazio\AppData\Local\Programs\MiKTeX\tex/generic/pgf/utilities\pgfkeys.code.tex
\pgfkeys@pathtoks=\toks18
\pgfkeys@temptoks=\toks19
 (C:\Users\qazio\AppData\Local\Programs\MiKTeX\tex/generic/pgf/utilities\pgfkeysfiltered.code.tex
\pgfkeys@tmptoks=\toks20
))
\pgf@x=\dimen143
\pgf@y=\dimen144
\pgf@xa=\dimen145
\pgf@ya=\dimen146
\pgf@xb=\dimen147
\pgf@yb=\dimen148
\pgf@xc=\dimen149
\pgf@yc=\dimen150
\pgf@xd=\dimen151
\pgf@yd=\dimen152
\w@pgf@writea=\write3
\r@pgf@reada=\read2
\c@pgf@counta=\count193
\c@pgf@countb=\count194
\c@pgf@countc=\count195
\c@pgf@countd=\count196
\t@pgf@toka=\toks21
\t@pgf@tokb=\toks22
\t@pgf@tokc=\toks23
\pgf@sys@id@count=\count197
 (C:\Users\qazio\AppData\Local\Programs\MiKTeX\tex/generic/pgf/systemlayer\pgf.cfg
File: pgf.cfg 2021/05/15 v3.1.9a (3.1.9a)
)
Driver file for pgf: pgfsys-pdftex.def
 (C:\Users\qazio\AppData\Local\Programs\MiKTeX\tex/generic/pgf/systemlayer\pgfsys-pdftex.def
File: pgfsys-pdftex.def 2021/05/15 v3.1.9a (3.1.9a)
 (C:\Users\qazio\AppData\Local\Programs\MiKTeX\tex/generic/pgf/systemlayer\pgfsys-common-pdf.def
File: pgfsys-common-pdf.def 2021/05/15 v3.1.9a (3.1.9a)
))) (C:\Users\qazio\AppData\Local\Programs\MiKTeX\tex/generic/pgf/systemlayer\pgfsyssoftpath.code.tex
File: pgfsyssoftpath.code.tex 2021/05/15 v3.1.9a (3.1.9a)
\pgfsyssoftpath@smallbuffer@items=\count198
\pgfsyssoftpath@bigbuffer@items=\count199
) (C:\Users\qazio\AppData\Local\Programs\MiKTeX\tex/generic/pgf/systemlayer\pgfsysprotocol.code.tex
File: pgfsysprotocol.code.tex 2021/05/15 v3.1.9a (3.1.9a)
)) (C:\Users\qazio\AppData\Local\Programs\MiKTeX\tex/latex/xcolor\xcolor.sty
Package: xcolor 2021/10/31 v2.13 LaTeX color extensions (UK)
 (C:\Users\qazio\AppData\Local\Programs\MiKTeX\tex/latex/graphics-cfg\color.cfg
File: color.cfg 2016/01/02 v1.6 sample color configuration
)
Package xcolor Info: Driver file: pdftex.def on input line 227.
Package xcolor Info: Model `cmy' substituted by `cmy0' on input line 1352.
Package xcolor Info: Model `hsb' substituted by `rgb' on input line 1356.
Package xcolor Info: Model `RGB' extended on input line 1368.
Package xcolor Info: Model `HTML' substituted by `rgb' on input line 1370.
Package xcolor Info: Model `Hsb' substituted by `hsb' on input line 1371.
Package xcolor Info: Model `tHsb' substituted by `hsb' on input line 1372.
Package xcolor Info: Model `HSB' substituted by `hsb' on input line 1373.
Package xcolor Info: Model `Gray' substituted by `gray' on input line 1374.
Package xcolor Info: Model `wave' substituted by `hsb' on input line 1375.
) (C:\Users\qazio\AppData\Local\Programs\MiKTeX\tex/generic/pgf/basiclayer\pgfcore.code.tex
Package: pgfcore 2021/05/15 v3.1.9a (3.1.9a)
 (C:\Users\qazio\AppData\Local\Programs\MiKTeX\tex/generic/pgf/math\pgfmath.code.tex (C:\Users\qazio\AppData\Local\Programs\MiKTeX\tex/generic/pgf/math\pgfmathcalc.code.tex (C:\Users\qazio\AppData\Local\Programs\MiKTeX\tex/generic/pgf/math\pgfmathutil.code.tex) (C:\Users\qazio\AppData\Local\Programs\MiKTeX\tex/generic/pgf/math\pgfmathparser.code.tex
\pgfmath@dimen=\dimen153
\pgfmath@count=\count266
\pgfmath@box=\box51
\pgfmath@toks=\toks24
\pgfmath@stack@operand=\toks25
\pgfmath@stack@operation=\toks26
) (C:\Users\qazio\AppData\Local\Programs\MiKTeX\tex/generic/pgf/math\pgfmathfunctions.code.tex (C:\Users\qazio\AppData\Local\Programs\MiKTeX\tex/generic/pgf/math\pgfmathfunctions.basic.code.tex) (C:\Users\qazio\AppData\Local\Programs\MiKTeX\tex/generic/pgf/math\pgfmathfunctions.trigonometric.code.tex) (C:\Users\qazio\AppData\Local\Programs\MiKTeX\tex/generic/pgf/math\pgfmathfunctions.random.code.tex) (C:\Users\qazio\AppData\Local\Programs\MiKTeX\tex/generic/pgf/math\pgfmathfunctions.comparison.code.tex) (C:\Users\qazio\AppData\Local\Programs\MiKTeX\tex/generic/pgf/math\pgfmathfunctions.base.code.tex) (C:\Users\qazio\AppData\Local\Programs\MiKTeX\tex/generic/pgf/math\pgfmathfunctions.round.code.tex) (C:\Users\qazio\AppData\Local\Programs\MiKTeX\tex/generic/pgf/math\pgfmathfunctions.misc.code.tex) (C:\Users\qazio\AppData\Local\Programs\MiKTeX\tex/generic/pgf/math\pgfmathfunctions.integerarithmetics.code.tex))) (C:\Users\qazio\AppData\Local\Programs\MiKTeX\tex/generic/pgf/math\pgfmathfloat.code.tex
\c@pgfmathroundto@lastzeros=\count267
)) (C:\Users\qazio\AppData\Local\Programs\MiKTeX\tex/generic/pgf/math\pgfint.code.tex) (C:\Users\qazio\AppData\Local\Programs\MiKTeX\tex/generic/pgf/basiclayer\pgfcorepoints.code.tex
File: pgfcorepoints.code.tex 2021/05/15 v3.1.9a (3.1.9a)
\pgf@picminx=\dimen154
\pgf@picmaxx=\dimen155
\pgf@picminy=\dimen156
\pgf@picmaxy=\dimen157
\pgf@pathminx=\dimen158
\pgf@pathmaxx=\dimen159
\pgf@pathminy=\dimen160
\pgf@pathmaxy=\dimen161
\pgf@xx=\dimen162
\pgf@xy=\dimen163
\pgf@yx=\dimen164
\pgf@yy=\dimen165
\pgf@zx=\dimen166
\pgf@zy=\dimen167
) (C:\Users\qazio\AppData\Local\Programs\MiKTeX\tex/generic/pgf/basiclayer\pgfcorepathconstruct.code.tex
File: pgfcorepathconstruct.code.tex 2021/05/15 v3.1.9a (3.1.9a)
\pgf@path@lastx=\dimen168
\pgf@path@lasty=\dimen169
) (C:\Users\qazio\AppData\Local\Programs\MiKTeX\tex/generic/pgf/basiclayer\pgfcorepathusage.code.tex
File: pgfcorepathusage.code.tex 2021/05/15 v3.1.9a (3.1.9a)
\pgf@shorten@end@additional=\dimen170
\pgf@shorten@start@additional=\dimen171
) (C:\Users\qazio\AppData\Local\Programs\MiKTeX\tex/generic/pgf/basiclayer\pgfcorescopes.code.tex
File: pgfcorescopes.code.tex 2021/05/15 v3.1.9a (3.1.9a)
\pgfpic=\box52
\pgf@hbox=\box53
\pgf@layerbox@main=\box54
\pgf@picture@serial@count=\count268
) (C:\Users\qazio\AppData\Local\Programs\MiKTeX\tex/generic/pgf/basiclayer\pgfcoregraphicstate.code.tex
File: pgfcoregraphicstate.code.tex 2021/05/15 v3.1.9a (3.1.9a)
\pgflinewidth=\dimen172
) (C:\Users\qazio\AppData\Local\Programs\MiKTeX\tex/generic/pgf/basiclayer\pgfcoretransformations.code.tex
File: pgfcoretransformations.code.tex 2021/05/15 v3.1.9a (3.1.9a)
\pgf@pt@x=\dimen173
\pgf@pt@y=\dimen174
\pgf@pt@temp=\dimen175
) (C:\Users\qazio\AppData\Local\Programs\MiKTeX\tex/generic/pgf/basiclayer\pgfcorequick.code.tex
File: pgfcorequick.code.tex 2021/05/15 v3.1.9a (3.1.9a)
) (C:\Users\qazio\AppData\Local\Programs\MiKTeX\tex/generic/pgf/basiclayer\pgfcoreobjects.code.tex
File: pgfcoreobjects.code.tex 2021/05/15 v3.1.9a (3.1.9a)
) (C:\Users\qazio\AppData\Local\Programs\MiKTeX\tex/generic/pgf/basiclayer\pgfcorepathprocessing.code.tex
File: pgfcorepathprocessing.code.tex 2021/05/15 v3.1.9a (3.1.9a)
) (C:\Users\qazio\AppData\Local\Programs\MiKTeX\tex/generic/pgf/basiclayer\pgfcorearrows.code.tex
File: pgfcorearrows.code.tex 2021/05/15 v3.1.9a (3.1.9a)
\pgfarrowsep=\dimen176
) (C:\Users\qazio\AppData\Local\Programs\MiKTeX\tex/generic/pgf/basiclayer\pgfcoreshade.code.tex
File: pgfcoreshade.code.tex 2021/05/15 v3.1.9a (3.1.9a)
\pgf@max=\dimen177
\pgf@sys@shading@range@num=\count269
\pgf@shadingcount=\count270
) (C:\Users\qazio\AppData\Local\Programs\MiKTeX\tex/generic/pgf/basiclayer\pgfcoreimage.code.tex
File: pgfcoreimage.code.tex 2021/05/15 v3.1.9a (3.1.9a)
 (C:\Users\qazio\AppData\Local\Programs\MiKTeX\tex/generic/pgf/basiclayer\pgfcoreexternal.code.tex
File: pgfcoreexternal.code.tex 2021/05/15 v3.1.9a (3.1.9a)
\pgfexternal@startupbox=\box55
)) (C:\Users\qazio\AppData\Local\Programs\MiKTeX\tex/generic/pgf/basiclayer\pgfcorelayers.code.tex
File: pgfcorelayers.code.tex 2021/05/15 v3.1.9a (3.1.9a)
) (C:\Users\qazio\AppData\Local\Programs\MiKTeX\tex/generic/pgf/basiclayer\pgfcoretransparency.code.tex
File: pgfcoretransparency.code.tex 2021/05/15 v3.1.9a (3.1.9a)
) (C:\Users\qazio\AppData\Local\Programs\MiKTeX\tex/generic/pgf/basiclayer\pgfcorepatterns.code.tex
File: pgfcorepatterns.code.tex 2021/05/15 v3.1.9a (3.1.9a)
) (C:\Users\qazio\AppData\Local\Programs\MiKTeX\tex/generic/pgf/basiclayer\pgfcorerdf.code.tex
File: pgfcorerdf.code.tex 2021/05/15 v3.1.9a (3.1.9a)
))) (C:\Users\qazio\AppData\Local\Programs\MiKTeX\tex/generic/pgf/modules\pgfmoduleshapes.code.tex
File: pgfmoduleshapes.code.tex 2021/05/15 v3.1.9a (3.1.9a)
\pgfnodeparttextbox=\box56
) (C:\Users\qazio\AppData\Local\Programs\MiKTeX\tex/generic/pgf/modules\pgfmoduleplot.code.tex
File: pgfmoduleplot.code.tex 2021/05/15 v3.1.9a (3.1.9a)
) (C:\Users\qazio\AppData\Local\Programs\MiKTeX\tex/latex/pgf/compatibility\pgfcomp-version-0-65.sty
Package: pgfcomp-version-0-65 2021/05/15 v3.1.9a (3.1.9a)
\pgf@nodesepstart=\dimen178
\pgf@nodesepend=\dimen179
) (C:\Users\qazio\AppData\Local\Programs\MiKTeX\tex/latex/pgf/compatibility\pgfcomp-version-1-18.sty
Package: pgfcomp-version-1-18 2021/05/15 v3.1.9a (3.1.9a)
)) (C:\Users\qazio\AppData\Local\Programs\MiKTeX\tex/latex/tools\verbatim.sty
Package: verbatim 2020-07-07 v1.5u LaTeX2e package for verbatim enhancements
\every@verbatim=\toks27
\verbatim@line=\toks28
\verbatim@in@stream=\read3
) (C:\Users\qazio\AppData\Local\Programs\MiKTeX\tex/latex/environ\environ.sty
Package: environ 2014/05/04 v0.3 A new way to define environments
 (C:\Users\qazio\AppData\Local\Programs\MiKTeX\tex/latex/trimspaces\trimspaces.sty
Package: trimspaces 2009/09/17 v1.1 Trim spaces around a token list
)
\@envbody=\toks29
) (C:\Users\qazio\AppData\Local\Programs\MiKTeX\tex/latex/etoolbox\etoolbox.sty
Package: etoolbox 2020/10/05 v2.5k e-TeX tools for LaTeX (JAW)
\etb@tempcnta=\count271
)
\tcb@titlebox=\box57
\tcb@upperbox=\box58
\tcb@lowerbox=\box59
\tcb@phantombox=\box60
\c@tcbbreakpart=\count272
\c@tcblayer=\count273
\c@tcolorbox@number=\count274
\tcb@temp=\box61
\tcb@temp=\box62
\tcb@temp=\box63
\tcb@temp=\box64
 (C:\Users\qazio\AppData\Local\Programs\MiKTeX\tex/latex/tcolorbox\tcbbreakable.code.tex
Library (tcolorbox): 'tcbbreakable.code.tex' version '5.0.2'
(C:\Users\qazio\AppData\Local\Programs\MiKTeX\tex/generic/oberdiek\pdfcol.sty
Package: pdfcol 2019/12/29 v1.6 Handle new color stacks for pdfTeX (HO)
 (C:\Users\qazio\AppData\Local\Programs\MiKTeX\tex/generic/ltxcmds\ltxcmds.sty
Package: ltxcmds 2020-05-10 v1.25 LaTeX kernel commands for general use (HO)
) (C:\Users\qazio\AppData\Local\Programs\MiKTeX\tex/generic/infwarerr\infwarerr.sty
Package: infwarerr 2019/12/03 v1.5 Providing info/warning/error messages (HO)
) (C:\Users\qazio\AppData\Local\Programs\MiKTeX\tex/generic/iftex\iftex.sty
Package: iftex 2022/02/03 v1.0f TeX engine tests
))
Package pdfcol Info: New color stack `tcb@breakable' = 1 on input line 23.
\tcb@testbox=\box65
\tcb@totalupperbox=\box66
\tcb@totallowerbox=\box67
)) (C:\Users\qazio\AppData\Local\Programs\MiKTeX\tex/latex/parskip\parskip.sty
Package: parskip 2021-03-14 v2.0h non-zero parskip adjustments
 (C:\Users\qazio\AppData\Local\Programs\MiKTeX\tex/latex/kvoptions\kvoptions.sty
Package: kvoptions 2020-10-07 v3.14 Key value format for package options (HO)
 (C:\Users\qazio\AppData\Local\Programs\MiKTeX\tex/generic/kvsetkeys\kvsetkeys.sty
Package: kvsetkeys 2019/12/15 v1.18 Key value parser (HO)
))) (C:\Users\qazio\AppData\Local\Programs\MiKTeX\tex/latex/caption\caption.sty
Package: caption 2022/02/28 v3.6a Customizing captions (AR)
 (C:\Users\qazio\AppData\Local\Programs\MiKTeX\tex/latex/caption\caption3.sty
Package: caption3 2022/02/28 v2.3a caption3 kernel (AR)
\caption@tempdima=\dimen180
\captionmargin=\dimen181
\caption@leftmargin=\dimen182
\caption@rightmargin=\dimen183
\caption@width=\dimen184
\caption@indent=\dimen185
\caption@parindent=\dimen186
\caption@hangindent=\dimen187
Package caption Info: Standard document class detected.
)
\c@caption@flags=\count275
\c@continuedfloat=\count276
) (C:\Users\qazio\AppData\Local\Programs\MiKTeX\tex/latex/float\float.sty
Package: float 2001/11/08 v1.3d Float enhancements (AL)
\c@float@type=\count277
\float@exts=\toks30
\float@box=\box68
\@float@everytoks=\toks31
\@floatcapt=\box69
) (C:\Users\qazio\AppData\Local\Programs\MiKTeX\tex/latex/tools\enumerate.sty
Package: enumerate 2015/07/23 v3.00 enumerate extensions (DPC)
\@enLab=\toks32
) (C:\Users\qazio\AppData\Local\Programs\MiKTeX\tex/latex/geometry\geometry.sty
Package: geometry 2020/01/02 v5.9 Page Geometry
 (C:\Users\qazio\AppData\Local\Programs\MiKTeX\tex/generic/iftex\ifvtex.sty
Package: ifvtex 2019/10/25 v1.7 ifvtex legacy package. Use iftex instead.
)
\Gm@cnth=\count278
\Gm@cntv=\count279
\c@Gm@tempcnt=\count280
\Gm@bindingoffset=\dimen188
\Gm@wd@mp=\dimen189
\Gm@odd@mp=\dimen190
\Gm@even@mp=\dimen191
\Gm@layoutwidth=\dimen192
\Gm@layoutheight=\dimen193
\Gm@layouthoffset=\dimen194
\Gm@layoutvoffset=\dimen195
\Gm@dimlist=\toks33
 (C:\Users\qazio\AppData\Local\Programs\MiKTeX\tex/latex/geometry\geometry.cfg)) (C:\Users\qazio\AppData\Local\Programs\MiKTeX\tex/latex/amsmath\amsmath.sty
Package: amsmath 2021/10/15 v2.17l AMS math features
\@mathmargin=\skip49

For additional information on amsmath, use the `?' option.
(C:\Users\qazio\AppData\Local\Programs\MiKTeX\tex/latex/amsmath\amstext.sty
Package: amstext 2021/08/26 v2.01 AMS text
 (C:\Users\qazio\AppData\Local\Programs\MiKTeX\tex/latex/amsmath\amsgen.sty
File: amsgen.sty 1999/11/30 v2.0 generic functions
\@emptytoks=\toks34
\ex@=\dimen196
)) (C:\Users\qazio\AppData\Local\Programs\MiKTeX\tex/latex/amsmath\amsbsy.sty
Package: amsbsy 1999/11/29 v1.2d Bold Symbols
\pmbraise@=\dimen197
) (C:\Users\qazio\AppData\Local\Programs\MiKTeX\tex/latex/amsmath\amsopn.sty
Package: amsopn 2021/08/26 v2.02 operator names
)
\inf@bad=\count281
LaTeX Info: Redefining \frac on input line 234.
\uproot@=\count282
\leftroot@=\count283
LaTeX Info: Redefining \overline on input line 399.
\classnum@=\count284
\DOTSCASE@=\count285
LaTeX Info: Redefining \ldots on input line 496.
LaTeX Info: Redefining \dots on input line 499.
LaTeX Info: Redefining \cdots on input line 620.
\Mathstrutbox@=\box70
\strutbox@=\box71
\big@size=\dimen198
LaTeX Font Info:    Redeclaring font encoding OML on input line 743.
LaTeX Font Info:    Redeclaring font encoding OMS on input line 744.
\macc@depth=\count286
\c@MaxMatrixCols=\count287
\dotsspace@=\muskip16
\c@parentequation=\count288
\dspbrk@lvl=\count289
\tag@help=\toks35
\row@=\count290
\column@=\count291
\maxfields@=\count292
\andhelp@=\toks36
\eqnshift@=\dimen199
\alignsep@=\dimen256
\tagshift@=\dimen257
\tagwidth@=\dimen258
\totwidth@=\dimen259
\lineht@=\dimen260
\@envbody=\toks37
\multlinegap=\skip50
\multlinetaggap=\skip51
\mathdisplay@stack=\toks38
LaTeX Info: Redefining \[ on input line 2938.
LaTeX Info: Redefining \] on input line 2939.
) (C:\Users\qazio\AppData\Local\Programs\MiKTeX\tex/latex/amsfonts\amssymb.sty
Package: amssymb 2013/01/14 v3.01 AMS font symbols
 (C:\Users\qazio\AppData\Local\Programs\MiKTeX\tex/latex/amsfonts\amsfonts.sty
Package: amsfonts 2013/01/14 v3.01 Basic AMSFonts support
\symAMSa=\mathgroup4
\symAMSb=\mathgroup5
LaTeX Font Info:    Redeclaring math symbol \hbar on input line 98.
LaTeX Font Info:    Overwriting math alphabet `\mathfrak' in version `bold'
(Font)                  U/euf/m/n --> U/euf/b/n on input line 106.
)) (C:\Users\qazio\AppData\Local\Programs\MiKTeX\tex/latex/base\textcomp.sty
Package: textcomp 2020/02/02 v2.0n Standard LaTeX package
) (C:\Users\qazio\AppData\Local\Programs\MiKTeX\tex/latex/upquote\upquote.sty
Package: upquote 2012/04/19 v1.3 upright-quote and grave-accent glyphs in verbatim
) (C:\Users\qazio\AppData\Local\Programs\MiKTeX\tex/latex/eurosym\eurosym.sty
Package: eurosym 1998/08/06 v1.1 European currency symbol ``Euro''
\@eurobox=\box72
) (C:\Users\qazio\AppData\Local\Programs\MiKTeX\tex/latex/base\fontenc.sty
Package: fontenc 2021/04/29 v2.0v Standard LaTeX package
) (C:\Users\qazio\AppData\Local\Programs\MiKTeX\tex/latex/greek-fontenc\alphabeta.sty
Package: alphabeta 2020/10/13 2.0 macros for Greek letters in text and math
 (C:\Users\qazio\AppData\Local\Programs\MiKTeX\tex/latex/greek-fontenc\textalpha.sty
Package: textalpha 2020/10/30 2.0 macros for Greek letters in text
 (C:\Users\qazio\AppData\Local\Programs\MiKTeX\tex/latex/greek-fontenc\lgrenc.def
File: lgrenc.def 2020/10/13 2.0 LGR Greek font encoding definitions
Now handling font encoding LGR ...
... processing UTF-8 mapping file for font encoding LGR
 (C:\Users\qazio\AppData\Local\Programs\MiKTeX\tex/latex/greek-inputenc\lgrenc.dfu
File: lgrenc.dfu 2019/07/11 1.7 UTF-8 support for Greek
   defining Unicode char U+00A8 (decimal 168)
   defining Unicode char U+00AB (decimal 171)
   defining Unicode char U+00AF (decimal 175)
   defining Unicode char U+00B4 (decimal 180)
   defining Unicode char U+00B7 (decimal 183)
   defining Unicode char U+00BB (decimal 187)
   defining Unicode char U+0259 (decimal 601)
   defining Unicode char U+02D8 (decimal 728)
   defining Unicode char U+0374 (decimal 884)
   defining Unicode char U+0375 (decimal 885)
   defining Unicode char U+037A (decimal 890)
   defining Unicode char U+037E (decimal 894)
   defining Unicode char U+0384 (decimal 900)
   defining Unicode char U+0385 (decimal 901)
   defining Unicode char U+0386 (decimal 902)
   defining Unicode char U+0387 (decimal 903)
   defining Unicode char U+0388 (decimal 904)
   defining Unicode char U+0389 (decimal 905)
   defining Unicode char U+038A (decimal 906)
   defining Unicode char U+038C (decimal 908)
   defining Unicode char U+038E (decimal 910)
   defining Unicode char U+038F (decimal 911)
   defining Unicode char U+0390 (decimal 912)
   defining Unicode char U+0391 (decimal 913)
   defining Unicode char U+0392 (decimal 914)
   defining Unicode char U+0393 (decimal 915)
   defining Unicode char U+0394 (decimal 916)
   defining Unicode char U+0395 (decimal 917)
   defining Unicode char U+0396 (decimal 918)
   defining Unicode char U+0397 (decimal 919)
   defining Unicode char U+0398 (decimal 920)
   defining Unicode char U+0399 (decimal 921)
   defining Unicode char U+039A (decimal 922)
   defining Unicode char U+039B (decimal 923)
   defining Unicode char U+039C (decimal 924)
   defining Unicode char U+039D (decimal 925)
   defining Unicode char U+039E (decimal 926)
   defining Unicode char U+039F (decimal 927)
   defining Unicode char U+03A0 (decimal 928)
   defining Unicode char U+03A1 (decimal 929)
   defining Unicode char U+03A3 (decimal 931)
   defining Unicode char U+03A4 (decimal 932)
   defining Unicode char U+03A5 (decimal 933)
   defining Unicode char U+03A6 (decimal 934)
   defining Unicode char U+03A7 (decimal 935)
   defining Unicode char U+03A8 (decimal 936)
   defining Unicode char U+03A9 (decimal 937)
   defining Unicode char U+03AA (decimal 938)
   defining Unicode char U+03AB (decimal 939)
   defining Unicode char U+03AC (decimal 940)
   defining Unicode char U+03AD (decimal 941)
   defining Unicode char U+03AE (decimal 942)
   defining Unicode char U+03AF (decimal 943)
   defining Unicode char U+03B0 (decimal 944)
   defining Unicode char U+03B1 (decimal 945)
   defining Unicode char U+03B2 (decimal 946)
   defining Unicode char U+03B3 (decimal 947)
   defining Unicode char U+03B4 (decimal 948)
   defining Unicode char U+03B5 (decimal 949)
   defining Unicode char U+03B6 (decimal 950)
   defining Unicode char U+03B7 (decimal 951)
   defining Unicode char U+03B8 (decimal 952)
   defining Unicode char U+03B9 (decimal 953)
   defining Unicode char U+03BA (decimal 954)
   defining Unicode char U+03BB (decimal 955)
   defining Unicode char U+03BC (decimal 956)
   defining Unicode char U+03BD (decimal 957)
   defining Unicode char U+03BE (decimal 958)
   defining Unicode char U+03BF (decimal 959)
   defining Unicode char U+03C0 (decimal 960)
   defining Unicode char U+03C1 (decimal 961)
   defining Unicode char U+03C2 (decimal 962)
   defining Unicode char U+03C3 (decimal 963)
   defining Unicode char U+03C4 (decimal 964)
   defining Unicode char U+03C5 (decimal 965)
   defining Unicode char U+03C6 (decimal 966)
   defining Unicode char U+03C7 (decimal 967)
   defining Unicode char U+03C8 (decimal 968)
   defining Unicode char U+03C9 (decimal 969)
   defining Unicode char U+03CA (decimal 970)
   defining Unicode char U+03CB (decimal 971)
   defining Unicode char U+03CC (decimal 972)
   defining Unicode char U+03CD (decimal 973)
   defining Unicode char U+03CE (decimal 974)
   defining Unicode char U+03D0 (decimal 976)
   defining Unicode char U+03D1 (decimal 977)
   defining Unicode char U+03D5 (decimal 981)
   defining Unicode char U+03D6 (decimal 982)
   defining Unicode char U+03D8 (decimal 984)
   defining Unicode char U+03D9 (decimal 985)
   defining Unicode char U+03DA (decimal 986)
   defining Unicode char U+03DB (decimal 987)
   defining Unicode char U+03DC (decimal 988)
   defining Unicode char U+03DD (decimal 989)
   defining Unicode char U+03DF (decimal 991)
   defining Unicode char U+03E0 (decimal 992)
   defining Unicode char U+03E1 (decimal 993)
   defining Unicode char U+03F0 (decimal 1008)
   defining Unicode char U+03F1 (decimal 1009)
   defining Unicode char U+03F4 (decimal 1012)
   defining Unicode char U+03F5 (decimal 1013)
   defining Unicode char U+1F00 (decimal 7936)
   defining Unicode char U+1F01 (decimal 7937)
   defining Unicode char U+1F02 (decimal 7938)
   defining Unicode char U+1F03 (decimal 7939)
   defining Unicode char U+1F04 (decimal 7940)
   defining Unicode char U+1F05 (decimal 7941)
   defining Unicode char U+1F06 (decimal 7942)
   defining Unicode char U+1F07 (decimal 7943)
   defining Unicode char U+1F08 (decimal 7944)
   defining Unicode char U+1F09 (decimal 7945)
   defining Unicode char U+1F0A (decimal 7946)
   defining Unicode char U+1F0B (decimal 7947)
   defining Unicode char U+1F0C (decimal 7948)
   defining Unicode char U+1F0D (decimal 7949)
   defining Unicode char U+1F0E (decimal 7950)
   defining Unicode char U+1F0F (decimal 7951)
   defining Unicode char U+1F10 (decimal 7952)
   defining Unicode char U+1F11 (decimal 7953)
   defining Unicode char U+1F12 (decimal 7954)
   defining Unicode char U+1F13 (decimal 7955)
   defining Unicode char U+1F14 (decimal 7956)
   defining Unicode char U+1F15 (decimal 7957)
   defining Unicode char U+1F18 (decimal 7960)
   defining Unicode char U+1F19 (decimal 7961)
   defining Unicode char U+1F1A (decimal 7962)
   defining Unicode char U+1F1B (decimal 7963)
   defining Unicode char U+1F1C (decimal 7964)
   defining Unicode char U+1F1D (decimal 7965)
   defining Unicode char U+1F20 (decimal 7968)
   defining Unicode char U+1F21 (decimal 7969)
   defining Unicode char U+1F22 (decimal 7970)
   defining Unicode char U+1F23 (decimal 7971)
   defining Unicode char U+1F24 (decimal 7972)
   defining Unicode char U+1F25 (decimal 7973)
   defining Unicode char U+1F26 (decimal 7974)
   defining Unicode char U+1F27 (decimal 7975)
   defining Unicode char U+1F28 (decimal 7976)
   defining Unicode char U+1F29 (decimal 7977)
   defining Unicode char U+1F2A (decimal 7978)
   defining Unicode char U+1F2B (decimal 7979)
   defining Unicode char U+1F2C (decimal 7980)
   defining Unicode char U+1F2D (decimal 7981)
   defining Unicode char U+1F2E (decimal 7982)
   defining Unicode char U+1F2F (decimal 7983)
   defining Unicode char U+1F30 (decimal 7984)
   defining Unicode char U+1F31 (decimal 7985)
   defining Unicode char U+1F32 (decimal 7986)
   defining Unicode char U+1F33 (decimal 7987)
   defining Unicode char U+1F34 (decimal 7988)
   defining Unicode char U+1F35 (decimal 7989)
   defining Unicode char U+1F36 (decimal 7990)
   defining Unicode char U+1F37 (decimal 7991)
   defining Unicode char U+1F38 (decimal 7992)
   defining Unicode char U+1F39 (decimal 7993)
   defining Unicode char U+1F3A (decimal 7994)
   defining Unicode char U+1F3B (decimal 7995)
   defining Unicode char U+1F3C (decimal 7996)
   defining Unicode char U+1F3D (decimal 7997)
   defining Unicode char U+1F3E (decimal 7998)
   defining Unicode char U+1F3F (decimal 7999)
   defining Unicode char U+1F40 (decimal 8000)
   defining Unicode char U+1F41 (decimal 8001)
   defining Unicode char U+1F42 (decimal 8002)
   defining Unicode char U+1F43 (decimal 8003)
   defining Unicode char U+1F44 (decimal 8004)
   defining Unicode char U+1F45 (decimal 8005)
   defining Unicode char U+1F48 (decimal 8008)
   defining Unicode char U+1F49 (decimal 8009)
   defining Unicode char U+1F4A (decimal 8010)
   defining Unicode char U+1F4B (decimal 8011)
   defining Unicode char U+1F4C (decimal 8012)
   defining Unicode char U+1F4D (decimal 8013)
   defining Unicode char U+1F50 (decimal 8016)
   defining Unicode char U+1F51 (decimal 8017)
   defining Unicode char U+1F52 (decimal 8018)
   defining Unicode char U+1F53 (decimal 8019)
   defining Unicode char U+1F54 (decimal 8020)
   defining Unicode char U+1F55 (decimal 8021)
   defining Unicode char U+1F56 (decimal 8022)
   defining Unicode char U+1F57 (decimal 8023)
   defining Unicode char U+1F59 (decimal 8025)
   defining Unicode char U+1F5B (decimal 8027)
   defining Unicode char U+1F5D (decimal 8029)
   defining Unicode char U+1F5F (decimal 8031)
   defining Unicode char U+1F60 (decimal 8032)
   defining Unicode char U+1F61 (decimal 8033)
   defining Unicode char U+1F62 (decimal 8034)
   defining Unicode char U+1F63 (decimal 8035)
   defining Unicode char U+1F64 (decimal 8036)
   defining Unicode char U+1F65 (decimal 8037)
   defining Unicode char U+1F66 (decimal 8038)
   defining Unicode char U+1F67 (decimal 8039)
   defining Unicode char U+1F68 (decimal 8040)
   defining Unicode char U+1F69 (decimal 8041)
   defining Unicode char U+1F6A (decimal 8042)
   defining Unicode char U+1F6B (decimal 8043)
   defining Unicode char U+1F6C (decimal 8044)
   defining Unicode char U+1F6D (decimal 8045)
   defining Unicode char U+1F6E (decimal 8046)
   defining Unicode char U+1F6F (decimal 8047)
   defining Unicode char U+1F70 (decimal 8048)
   defining Unicode char U+1F71 (decimal 8049)
   defining Unicode char U+1F72 (decimal 8050)
   defining Unicode char U+1F73 (decimal 8051)
   defining Unicode char U+1F74 (decimal 8052)
   defining Unicode char U+1F75 (decimal 8053)
   defining Unicode char U+1F76 (decimal 8054)
   defining Unicode char U+1F77 (decimal 8055)
   defining Unicode char U+1F78 (decimal 8056)
   defining Unicode char U+1F79 (decimal 8057)
   defining Unicode char U+1F7A (decimal 8058)
   defining Unicode char U+1F7B (decimal 8059)
   defining Unicode char U+1F7C (decimal 8060)
   defining Unicode char U+1F7D (decimal 8061)
   defining Unicode char U+1F80 (decimal 8064)
   defining Unicode char U+1F81 (decimal 8065)
   defining Unicode char U+1F82 (decimal 8066)
   defining Unicode char U+1F83 (decimal 8067)
   defining Unicode char U+1F84 (decimal 8068)
   defining Unicode char U+1F85 (decimal 8069)
   defining Unicode char U+1F86 (decimal 8070)
   defining Unicode char U+1F87 (decimal 8071)
   defining Unicode char U+1F88 (decimal 8072)
   defining Unicode char U+1F89 (decimal 8073)
   defining Unicode char U+1F8A (decimal 8074)
   defining Unicode char U+1F8B (decimal 8075)
   defining Unicode char U+1F8C (decimal 8076)
   defining Unicode char U+1F8D (decimal 8077)
   defining Unicode char U+1F8E (decimal 8078)
   defining Unicode char U+1F8F (decimal 8079)
   defining Unicode char U+1F90 (decimal 8080)
   defining Unicode char U+1F91 (decimal 8081)
   defining Unicode char U+1F92 (decimal 8082)
   defining Unicode char U+1F93 (decimal 8083)
   defining Unicode char U+1F94 (decimal 8084)
   defining Unicode char U+1F95 (decimal 8085)
   defining Unicode char U+1F96 (decimal 8086)
   defining Unicode char U+1F97 (decimal 8087)
   defining Unicode char U+1F98 (decimal 8088)
   defining Unicode char U+1F99 (decimal 8089)
   defining Unicode char U+1F9A (decimal 8090)
   defining Unicode char U+1F9B (decimal 8091)
   defining Unicode char U+1F9C (decimal 8092)
   defining Unicode char U+1F9D (decimal 8093)
   defining Unicode char U+1F9E (decimal 8094)
   defining Unicode char U+1F9F (decimal 8095)
   defining Unicode char U+1FA0 (decimal 8096)
   defining Unicode char U+1FA1 (decimal 8097)
   defining Unicode char U+1FA2 (decimal 8098)
   defining Unicode char U+1FA3 (decimal 8099)
   defining Unicode char U+1FA4 (decimal 8100)
   defining Unicode char U+1FA5 (decimal 8101)
   defining Unicode char U+1FA6 (decimal 8102)
   defining Unicode char U+1FA7 (decimal 8103)
   defining Unicode char U+1FA8 (decimal 8104)
   defining Unicode char U+1FA9 (decimal 8105)
   defining Unicode char U+1FAA (decimal 8106)
   defining Unicode char U+1FAB (decimal 8107)
   defining Unicode char U+1FAC (decimal 8108)
   defining Unicode char U+1FAD (decimal 8109)
   defining Unicode char U+1FAE (decimal 8110)
   defining Unicode char U+1FAF (decimal 8111)
   defining Unicode char U+1FB0 (decimal 8112)
   defining Unicode char U+1FB1 (decimal 8113)
   defining Unicode char U+1FB2 (decimal 8114)
   defining Unicode char U+1FB3 (decimal 8115)
   defining Unicode char U+1FB4 (decimal 8116)
   defining Unicode char U+1FB6 (decimal 8118)
   defining Unicode char U+1FB7 (decimal 8119)
   defining Unicode char U+1FB8 (decimal 8120)
   defining Unicode char U+1FB9 (decimal 8121)
   defining Unicode char U+1FBA (decimal 8122)
   defining Unicode char U+1FBB (decimal 8123)
   defining Unicode char U+1FBC (decimal 8124)
   defining Unicode char U+1FBD (decimal 8125)
   defining Unicode char U+1FBE (decimal 8126)
   defining Unicode char U+1FBF (decimal 8127)
   defining Unicode char U+1FC0 (decimal 8128)
   defining Unicode char U+1FC1 (decimal 8129)
   defining Unicode char U+1FC2 (decimal 8130)
   defining Unicode char U+1FC3 (decimal 8131)
   defining Unicode char U+1FC4 (decimal 8132)
   defining Unicode char U+1FC6 (decimal 8134)
   defining Unicode char U+1FC7 (decimal 8135)
   defining Unicode char U+1FC8 (decimal 8136)
   defining Unicode char U+1FC9 (decimal 8137)
   defining Unicode char U+1FCA (decimal 8138)
   defining Unicode char U+1FCB (decimal 8139)
   defining Unicode char U+1FCC (decimal 8140)
   defining Unicode char U+1FCD (decimal 8141)
   defining Unicode char U+1FCE (decimal 8142)
   defining Unicode char U+1FCF (decimal 8143)
   defining Unicode char U+1FD0 (decimal 8144)
   defining Unicode char U+1FD1 (decimal 8145)
   defining Unicode char U+1FD2 (decimal 8146)
   defining Unicode char U+1FD3 (decimal 8147)
   defining Unicode char U+1FD6 (decimal 8150)
   defining Unicode char U+1FD7 (decimal 8151)
   defining Unicode char U+1FD8 (decimal 8152)
   defining Unicode char U+1FD9 (decimal 8153)
   defining Unicode char U+1FDA (decimal 8154)
   defining Unicode char U+1FDB (decimal 8155)
   defining Unicode char U+1FDD (decimal 8157)
   defining Unicode char U+1FDE (decimal 8158)
   defining Unicode char U+1FDF (decimal 8159)
   defining Unicode char U+1FE0 (decimal 8160)
   defining Unicode char U+1FE1 (decimal 8161)
   defining Unicode char U+1FE2 (decimal 8162)
   defining Unicode char U+1FE3 (decimal 8163)
   defining Unicode char U+1FE4 (decimal 8164)
   defining Unicode char U+1FE5 (decimal 8165)
   defining Unicode char U+1FE6 (decimal 8166)
   defining Unicode char U+1FE7 (decimal 8167)
   defining Unicode char U+1FE8 (decimal 8168)
   defining Unicode char U+1FE9 (decimal 8169)
   defining Unicode char U+1FEA (decimal 8170)
   defining Unicode char U+1FEB (decimal 8171)
   defining Unicode char U+1FEC (decimal 8172)
   defining Unicode char U+1FED (decimal 8173)
   defining Unicode char U+1FEE (decimal 8174)
   defining Unicode char U+1FEF (decimal 8175)
   defining Unicode char U+1FF2 (decimal 8178)
   defining Unicode char U+1FF3 (decimal 8179)
   defining Unicode char U+1FF4 (decimal 8180)
   defining Unicode char U+1FF6 (decimal 8182)
   defining Unicode char U+1FF7 (decimal 8183)
   defining Unicode char U+1FF8 (decimal 8184)
   defining Unicode char U+1FF9 (decimal 8185)
   defining Unicode char U+1FFA (decimal 8186)
   defining Unicode char U+1FFB (decimal 8187)
   defining Unicode char U+1FFC (decimal 8188)
   defining Unicode char U+1FFD (decimal 8189)
   defining Unicode char U+1FFE (decimal 8190)
   defining Unicode char U+2013 (decimal 8211)
   defining Unicode char U+2014 (decimal 8212)
   defining Unicode char U+2018 (decimal 8216)
   defining Unicode char U+2019 (decimal 8217)
   defining Unicode char U+201A (decimal 8218)
   defining Unicode char U+2030 (decimal 8240)
   defining Unicode char U+2039 (decimal 8249)
   defining Unicode char U+203A (decimal 8250)
   defining Unicode char U+20AC (decimal 8364)
   defining Unicode char U+2126 (decimal 8486)
   defining Unicode char U+10144 (decimal 65860)
   defining Unicode char U+10145 (decimal 65861)
   defining Unicode char U+10146 (decimal 65862)
   defining Unicode char U+10147 (decimal 65863)
) (C:\Users\qazio\AppData\Local\Programs\MiKTeX\tex/latex/greek-fontenc\greek-fontenc.def
File: greek-fontenc.def 2020/10/30 2.0 Common Greek font encoding definitions
)))) (C:\Users\qazio\AppData\Local\Programs\MiKTeX\tex/latex/fancyvrb\fancyvrb.sty
Package: fancyvrb 2021/12/21 4.1b verbatim text (tvz,hv)
\FV@CodeLineNo=\count293
\FV@InFile=\read4
\FV@TabBox=\box73
\c@FancyVerbLine=\count294
\FV@StepNumber=\count295
\FV@OutFile=\write4
) (C:\Users\qazio\AppData\Local\Programs\MiKTeX\tex/latex/grffile\grffile.sty
Package: grffile 2019/11/11 v2.1 Extended file name support for graphics (legacy)
Package grffile Info: This package is an empty stub for compatibility on input line 40.
) (C:\Users\qazio\AppData\Local\Programs\MiKTeX\tex/latex/adjustbox\adjustbox.sty
Package: adjustbox 2020/08/19 v1.3 Adjusting TeX boxes (trim, clip, ...)
 (C:\Users\qazio\AppData\Local\Programs\MiKTeX\tex/latex/xkeyval\xkeyval.sty
Package: xkeyval 2020/11/20 v2.8 package option processing (HA)
 (C:\Users\qazio\AppData\Local\Programs\MiKTeX\tex/generic/xkeyval\xkeyval.tex (C:\Users\qazio\AppData\Local\Programs\MiKTeX\tex/generic/xkeyval\xkvutils.tex
\XKV@toks=\toks39
\XKV@tempa@toks=\toks40
)
\XKV@depth=\count296
File: xkeyval.tex 2014/12/03 v2.7a key=value parser (HA)
)) (C:\Users\qazio\AppData\Local\Programs\MiKTeX\tex/latex/adjustbox\adjcalc.sty
Package: adjcalc 2012/05/16 v1.1 Provides advanced setlength with multiple back-ends (calc, etex, pgfmath)
) (C:\Users\qazio\AppData\Local\Programs\MiKTeX\tex/latex/adjustbox\trimclip.sty
Package: trimclip 2020/08/19 v1.2 Trim and clip general TeX material
 (C:\Users\qazio\AppData\Local\Programs\MiKTeX\tex/latex/collectbox\collectbox.sty
Package: collectbox 2012/05/17 v0.4b Collect macro arguments as boxes
\collectedbox=\box74
)
\tc@llx=\dimen261
\tc@lly=\dimen262
\tc@urx=\dimen263
\tc@ury=\dimen264
Package trimclip Info: Using driver 'tc-pdftex.def'.
 (C:\Users\qazio\AppData\Local\Programs\MiKTeX\tex/latex/adjustbox\tc-pdftex.def
File: tc-pdftex.def 2019/01/04 v2.2 Clipping driver for pdftex
))
\adjbox@Width=\dimen265
\adjbox@Height=\dimen266
\adjbox@Depth=\dimen267
\adjbox@Totalheight=\dimen268
\adjbox@pwidth=\dimen269
\adjbox@pheight=\dimen270
\adjbox@pdepth=\dimen271
\adjbox@ptotalheight=\dimen272
 (C:\Users\qazio\AppData\Local\Programs\MiKTeX\tex/latex/ifoddpage\ifoddpage.sty
Package: ifoddpage 2016/04/23 v1.1 Conditionals for odd/even page detection
\c@checkoddpage=\count297
) (C:\Users\qazio\AppData\Local\Programs\MiKTeX\tex/latex/varwidth\varwidth.sty
Package: varwidth 2009/03/30 ver 0.92;  Variable-width minipages
\@vwid@box=\box75
\sift@deathcycles=\count298
\@vwid@loff=\dimen273
\@vwid@roff=\dimen274
)) (C:\Users\qazio\AppData\Local\Programs\MiKTeX\tex/latex/hyperref\hyperref.sty
Package: hyperref 2022-02-21 v7.00n Hypertext links for LaTeX
 (C:\Users\qazio\AppData\Local\Programs\MiKTeX\tex/generic/pdftexcmds\pdftexcmds.sty
Package: pdftexcmds 2020-06-27 v0.33 Utility functions of pdfTeX for LuaTeX (HO)
Package pdftexcmds Info: \pdf@primitive is available.
Package pdftexcmds Info: \pdf@ifprimitive is available.
Package pdftexcmds Info: \pdfdraftmode found.
) (C:\Users\qazio\AppData\Local\Programs\MiKTeX\tex/generic/kvdefinekeys\kvdefinekeys.sty
Package: kvdefinekeys 2019-12-19 v1.6 Define keys (HO)
) (C:\Users\qazio\AppData\Local\Programs\MiKTeX\tex/generic/pdfescape\pdfescape.sty
Package: pdfescape 2019/12/09 v1.15 Implements pdfTeX's escape features (HO)
) (C:\Users\qazio\AppData\Local\Programs\MiKTeX\tex/latex/hycolor\hycolor.sty
Package: hycolor 2020-01-27 v1.10 Color options for hyperref/bookmark (HO)
) (C:\Users\qazio\AppData\Local\Programs\MiKTeX\tex/latex/letltxmacro\letltxmacro.sty
Package: letltxmacro 2019/12/03 v1.6 Let assignment for LaTeX macros (HO)
) (C:\Users\qazio\AppData\Local\Programs\MiKTeX\tex/latex/auxhook\auxhook.sty
Package: auxhook 2019-12-17 v1.6 Hooks for auxiliary files (HO)
)
\@linkdim=\dimen275
\Hy@linkcounter=\count299
\Hy@pagecounter=\count300
 (C:\Users\qazio\AppData\Local\Programs\MiKTeX\tex/latex/hyperref\pd1enc.def
File: pd1enc.def 2022-02-21 v7.00n Hyperref: PDFDocEncoding definition (HO)
Now handling font encoding PD1 ...
... no UTF-8 mapping file for font encoding PD1
) (C:\Users\qazio\AppData\Local\Programs\MiKTeX\tex/generic/intcalc\intcalc.sty
Package: intcalc 2019/12/15 v1.3 Expandable calculations with integers (HO)
) (C:\Users\qazio\AppData\Local\Programs\MiKTeX\tex/generic/etexcmds\etexcmds.sty
Package: etexcmds 2019/12/15 v1.7 Avoid name clashes with e-TeX commands (HO)
)
\Hy@SavedSpaceFactor=\count301
 (C:\Users\qazio\AppData\Local\Programs\MiKTeX\tex/latex/hyperref\puenc.def
File: puenc.def 2022-02-21 v7.00n Hyperref: PDF Unicode definition (HO)
Now handling font encoding PU ...
... no UTF-8 mapping file for font encoding PU
 (C:\Users\qazio\AppData\Local\Programs\MiKTeX\tex/latex/hyperref\puenc-greekbasic.def
File: puenc-greekbasic.def 2022-02-21 v7.00n Hyperref: PDF Unicode definition (greek block) (HO)
))
Package hyperref Info: Hyper figures OFF on input line 4137.
Package hyperref Info: Link nesting OFF on input line 4142.
Package hyperref Info: Hyper index ON on input line 4145.
Package hyperref Info: Plain pages OFF on input line 4152.
Package hyperref Info: Backreferencing OFF on input line 4157.
Package hyperref Info: Implicit mode ON; LaTeX internals redefined.
Package hyperref Info: Bookmarks ON on input line 4390.
\c@Hy@tempcnt=\count302
 (C:\Users\qazio\AppData\Local\Programs\MiKTeX\tex/latex/url\url.sty
\Urlmuskip=\muskip17
Package: url 2013/09/16  ver 3.4  Verb mode for urls, etc.
)
LaTeX Info: Redefining \url on input line 4749.
\XeTeXLinkMargin=\dimen276
 (C:\Users\qazio\AppData\Local\Programs\MiKTeX\tex/generic/bitset\bitset.sty
Package: bitset 2019/12/09 v1.3 Handle bit-vector datatype (HO)
 (C:\Users\qazio\AppData\Local\Programs\MiKTeX\tex/generic/bigintcalc\bigintcalc.sty
Package: bigintcalc 2019/12/15 v1.5 Expandable calculations on big integers (HO)
))
\Fld@menulength=\count303
\Field@Width=\dimen277
\Fld@charsize=\dimen278
Package hyperref Info: Hyper figures OFF on input line 6027.
Package hyperref Info: Link nesting OFF on input line 6032.
Package hyperref Info: Hyper index ON on input line 6035.
Package hyperref Info: backreferencing OFF on input line 6042.
Package hyperref Info: Link coloring OFF on input line 6047.
Package hyperref Info: Link coloring with OCG OFF on input line 6052.
Package hyperref Info: PDF/A mode OFF on input line 6057.
LaTeX Info: Redefining \ref on input line 6097.
LaTeX Info: Redefining \pageref on input line 6101.
 (C:\Users\qazio\AppData\Local\Programs\MiKTeX\tex/latex/base\atbegshi-ltx.sty
Package: atbegshi-ltx 2021/01/10 v1.0c Emulation of the original atbegshi
package with kernel methods
)
\Hy@abspage=\count304
\c@Item=\count305
\c@Hfootnote=\count306
)
Package hyperref Info: Driver (autodetected): hpdftex.
 (C:\Users\qazio\AppData\Local\Programs\MiKTeX\tex/latex/hyperref\hpdftex.def
File: hpdftex.def 2022-02-21 v7.00n Hyperref driver for pdfTeX
 (C:\Users\qazio\AppData\Local\Programs\MiKTeX\tex/latex/base\atveryend-ltx.sty
Package: atveryend-ltx 2020/08/19 v1.0a Emulation of the original atveryend package
with kernel methods
)
\Fld@listcount=\count307
\c@bookmark@seq@number=\count308
 (C:\Users\qazio\AppData\Local\Programs\MiKTeX\tex/latex/rerunfilecheck\rerunfilecheck.sty
Package: rerunfilecheck 2019/12/05 v1.9 Rerun checks for auxiliary files (HO)
 (C:\Users\qazio\AppData\Local\Programs\MiKTeX\tex/generic/uniquecounter\uniquecounter.sty
Package: uniquecounter 2019/12/15 v1.4 Provide unlimited unique counter (HO)
)
Package uniquecounter Info: New unique counter `rerunfilecheck' on input line 286.
)
\Hy@SectionHShift=\skip52
) (C:\Users\qazio\AppData\Local\Programs\MiKTeX\tex/latex/titling\titling.sty
Package: titling 2009/09/04 v2.1d maketitle typesetting
\thanksmarkwidth=\skip53
\thanksmargin=\skip54
\droptitle=\skip55
) (C:\Users\qazio\AppData\Local\Programs\MiKTeX\tex/latex/tools\longtable.sty
Package: longtable 2021-09-01 v4.17 Multi-page Table package (DPC)
\LTleft=\skip56
\LTright=\skip57
\LTpre=\skip58
\LTpost=\skip59
\LTchunksize=\count309
\LTcapwidth=\dimen279
\LT@head=\box76
\LT@firsthead=\box77
\LT@foot=\box78
\LT@lastfoot=\box79
\LT@gbox=\box80
\LT@cols=\count310
\LT@rows=\count311
\c@LT@tables=\count312
\c@LT@chunks=\count313
\LT@p@ftn=\toks41
) (C:\Users\qazio\AppData\Local\Programs\MiKTeX\tex/latex/booktabs\booktabs.sty
Package: booktabs 2020/01/12 v1.61803398 Publication quality tables
\heavyrulewidth=\dimen280
\lightrulewidth=\dimen281
\cmidrulewidth=\dimen282
\belowrulesep=\dimen283
\belowbottomsep=\dimen284
\aboverulesep=\dimen285
\abovetopsep=\dimen286
\cmidrulesep=\dimen287
\cmidrulekern=\dimen288
\defaultaddspace=\dimen289
\@cmidla=\count314
\@cmidlb=\count315
\@aboverulesep=\dimen290
\@belowrulesep=\dimen291
\@thisruleclass=\count316
\@lastruleclass=\count317
\@thisrulewidth=\dimen292
) (C:\Users\qazio\AppData\Local\Programs\MiKTeX\tex/latex/tools\array.sty
Package: array 2021/10/04 v2.5f Tabular extension package (FMi)
\col@sep=\dimen293
\ar@mcellbox=\box81
\extrarowheight=\dimen294
\NC@list=\toks42
\extratabsurround=\skip60
\backup@length=\skip61
\ar@cellbox=\box82
) (C:\Users\qazio\AppData\Local\Programs\MiKTeX\tex/latex/tools\calc.sty
Package: calc 2017/05/25 v4.3 Infix arithmetic (KKT,FJ)
\calc@Acount=\count318
\calc@Bcount=\count319
\calc@Adimen=\dimen295
\calc@Bdimen=\dimen296
\calc@Askip=\skip62
\calc@Bskip=\skip63
LaTeX Info: Redefining \setlength on input line 80.
LaTeX Info: Redefining \addtolength on input line 81.
\calc@Ccount=\count320
\calc@Cskip=\skip64
) (C:\Users\qazio\AppData\Local\Programs\MiKTeX\tex/latex/enumitem\enumitem.sty
Package: enumitem 2019/06/20 v3.9 Customized lists
\labelindent=\skip65
\enit@outerparindent=\dimen297
\enit@toks=\toks43
\enit@inbox=\box83
\enit@count@id=\count321
\enitdp@description=\count322
) (C:\Users\qazio\AppData\Local\Programs\MiKTeX\tex/latex/ulem\ulem.sty
\UL@box=\box84
\UL@hyphenbox=\box85
\UL@skip=\skip66
\UL@hook=\toks44
\UL@height=\dimen298
\UL@pe=\count323
\UL@pixel=\dimen299
\ULC@box=\box86
Package: ulem 2019/11/18
\ULdepth=\dimen300
) (C:\Users\qazio\AppData\Local\Programs\MiKTeX\tex/latex/jknappen\mathrsfs.sty
Package: mathrsfs 1996/01/01 Math RSFS package v1.0 (jk)
\symrsfs=\mathgroup6
)
\Wrappedcontinuationbox=\box87
\Wrappedvisiblespacebox=\box88
Package hyperref Info: Option `breaklinks' set `true' on input line 378.
Package hyperref Info: Option `colorlinks' set `true' on input line 378.
 (C:\Users\qazio\AppData\Local\Programs\MiKTeX\tex/latex/l3backend\l3backend-pdftex.def
File: l3backend-pdftex.def 2022-02-07 L3 backend support: PDF output (pdfTeX)
\l__color_backend_stack_int=\count324
\l__pdf_internal_box=\box89
) (DeepBeliefModeling.aux)
\openout1 = `DeepBeliefModeling.aux'.

LaTeX Font Info:    Checking defaults for OML/cmm/m/it on input line 385.
LaTeX Font Info:    ... okay on input line 385.
LaTeX Font Info:    Checking defaults for OMS/cmsy/m/n on input line 385.
LaTeX Font Info:    ... okay on input line 385.
LaTeX Font Info:    Checking defaults for OT1/cmr/m/n on input line 385.
LaTeX Font Info:    ... okay on input line 385.
LaTeX Font Info:    Checking defaults for T1/cmr/m/n on input line 385.
LaTeX Font Info:    ... okay on input line 385.
LaTeX Font Info:    Checking defaults for TS1/cmr/m/n on input line 385.
LaTeX Font Info:    ... okay on input line 385.
LaTeX Font Info:    Checking defaults for OMX/cmex/m/n on input line 385.
LaTeX Font Info:    ... okay on input line 385.
LaTeX Font Info:    Checking defaults for U/cmr/m/n on input line 385.
LaTeX Font Info:    ... okay on input line 385.
LaTeX Font Info:    Checking defaults for LGR/cmr/m/n on input line 385.
LaTeX Font Info:    Trying to load font information for LGR+cmr on input line 385.
 (C:\Users\qazio\AppData\Local\Programs\MiKTeX\tex/latex/cbfonts-fd\lgrcmr.fd
File: lgrcmr.fd 2017/07/29 v1.2 Greek European Computer Regular
)
LaTeX Font Info:    ... okay on input line 385.
LaTeX Font Info:    Checking defaults for PD1/pdf/m/n on input line 385.
LaTeX Font Info:    ... okay on input line 385.
LaTeX Font Info:    Checking defaults for PU/pdf/m/n on input line 385.
LaTeX Font Info:    ... okay on input line 385.
 (C:\Users\qazio\AppData\Local\Programs\MiKTeX\tex/context/base/mkii\supp-pdf.mkii
[Loading MPS to PDF converter (version 2006.09.02).]
\scratchcounter=\count325
\scratchdimen=\dimen301
\scratchbox=\box90
\nofMPsegments=\count326
\nofMParguments=\count327
\everyMPshowfont=\toks45
\MPscratchCnt=\count328
\MPscratchDim=\dimen302
\MPnumerator=\count329
\makeMPintoPDFobject=\count330
\everyMPtoPDFconversion=\toks46
) (C:\Users\qazio\AppData\Local\Programs\MiKTeX\tex/latex/epstopdf-pkg\epstopdf-base.sty
Package: epstopdf-base 2020-01-24 v2.11 Base part for package epstopdf
Package epstopdf-base Info: Redefining graphics rule for `.eps' on input line 485.
 (C:\Users\qazio\AppData\Local\Programs\MiKTeX\tex/latex/00miktex\epstopdf-sys.cfg
File: epstopdf-sys.cfg 2021/03/18 v2.0 Configuration of epstopdf for MiKTeX
))
Package caption Info: Begin \AtBeginDocument code.
Package caption Info: float package is loaded.
Package caption Info: hyperref package is loaded.
Package caption Info: longtable package is loaded.
 (C:\Users\qazio\AppData\Local\Programs\MiKTeX\tex/latex/caption\ltcaption.sty
Package: ltcaption 2021/01/08 v1.4c longtable captions (AR)
)
Package caption Info: End \AtBeginDocument code.

*geometry* driver: auto-detecting
*geometry* detected driver: pdftex
*geometry* verbose mode - [ preamble ] result:
* driver: pdftex
* paper: <default>
* layout: <same size as paper>
* layoutoffset:(h,v)=(0.0pt,0.0pt)
* modes: 
* h-part:(L,W,R)=(72.26999pt, 469.75502pt, 72.26999pt)
* v-part:(T,H,B)=(72.26999pt, 650.43001pt, 72.26999pt)
* \paperwidth=614.295pt
* \paperheight=794.96999pt
* \textwidth=469.75502pt
* \textheight=650.43001pt
* \oddsidemargin=0.0pt
* \evensidemargin=0.0pt
* \topmargin=-37.0pt
* \headheight=12.0pt
* \headsep=25.0pt
* \topskip=11.0pt
* \footskip=30.0pt
* \marginparwidth=59.0pt
* \marginparsep=10.0pt
* \columnsep=10.0pt
* \skip\footins=10.0pt plus 4.0pt minus 2.0pt
* \hoffset=0.0pt
* \voffset=0.0pt
* \mag=1000
* \@twocolumnfalse
* \@twosidefalse
* \@mparswitchfalse
* \@reversemarginfalse
* (1in=72.27pt=25.4mm, 1cm=28.453pt)

(C:\Users\qazio\AppData\Local\Programs\MiKTeX\tex/latex/greek-fontenc\puenc-greek.def
File: puenc-greek.def 2020/10/18 2.0 Greek LICRs for PDF strings
 (C:\Users\qazio\AppData\Local\Programs\MiKTeX\tex/latex/greek-fontenc\greek-fontenc.def
File: greek-fontenc.def 2020/10/30 2.0 Common Greek font encoding definitions
)) (C:\Users\qazio\AppData\Local\Programs\MiKTeX\tex/latex/greek-fontenc\alphabeta-lgr.def
File: alphabeta-lgr 2020/09/25 1.0 Composite definitions for 8-bit TeX
)
   defining Unicode char U+0393 (decimal 915)
   defining Unicode char U+0394 (decimal 916)
   defining Unicode char U+0398 (decimal 920)
   defining Unicode char U+039B (decimal 923)
   defining Unicode char U+039E (decimal 926)
   defining Unicode char U+03A0 (decimal 928)
   defining Unicode char U+03A3 (decimal 931)
   defining Unicode char U+03A5 (decimal 933)
   defining Unicode char U+03A6 (decimal 934)
   defining Unicode char U+03A8 (decimal 936)
   defining Unicode char U+03A9 (decimal 937)
   defining Unicode char U+03B1 (decimal 945)
   defining Unicode char U+03B2 (decimal 946)
   defining Unicode char U+03B3 (decimal 947)
   defining Unicode char U+03B4 (decimal 948)
   defining Unicode char U+03B5 (decimal 949)
   defining Unicode char U+03B6 (decimal 950)
   defining Unicode char U+03B7 (decimal 951)
   defining Unicode char U+03B8 (decimal 952)
   defining Unicode char U+03B9 (decimal 953)
   defining Unicode char U+03BA (decimal 954)
   defining Unicode char U+03BB (decimal 955)
   defining Unicode char U+03BC (decimal 956)
   defining Unicode char U+03BD (decimal 957)
   defining Unicode char U+03BE (decimal 958)
   defining Unicode char U+03C0 (decimal 960)
   defining Unicode char U+03C1 (decimal 961)
   defining Unicode char U+03C2 (decimal 962)
   defining Unicode char U+03C3 (decimal 963)
   defining Unicode char U+03C4 (decimal 964)
   defining Unicode char U+03C5 (decimal 965)
   defining Unicode char U+03C6 (decimal 966)
   defining Unicode char U+03C7 (decimal 967)
   defining Unicode char U+03C8 (decimal 968)
   defining Unicode char U+03C9 (decimal 969)
   defining Unicode char U+03D1 (decimal 977)
   defining Unicode char U+03D5 (decimal 981)
   defining Unicode char U+03D6 (decimal 982)
   defining Unicode char U+03DD (decimal 989)
   defining Unicode char U+03F1 (decimal 1009)
   defining Unicode char U+03F5 (decimal 1013)
Package hyperref Info: Link coloring ON on input line 385.
 (C:\Users\qazio\AppData\Local\Programs\MiKTeX\tex/latex/hyperref\nameref.sty
Package: nameref 2021-04-02 v2.47 Cross-referencing by name of section
 (C:\Users\qazio\AppData\Local\Programs\MiKTeX\tex/latex/refcount\refcount.sty
Package: refcount 2019/12/15 v3.6 Data extraction from label references (HO)
) (C:\Users\qazio\AppData\Local\Programs\MiKTeX\tex/generic/gettitlestring\gettitlestring.sty
Package: gettitlestring 2019/12/15 v1.6 Cleanup title references (HO)
)
\c@section@level=\count331
)
LaTeX Info: Redefining \ref on input line 385.
LaTeX Info: Redefining \pageref on input line 385.
LaTeX Info: Redefining \nameref on input line 385.
 (DeepBeliefModeling.out) (DeepBeliefModeling.out)
\@outlinefile=\write5
\openout5 = `DeepBeliefModeling.out'.

LaTeX Font Info:    Trying to load font information for U+msa on input line 387.
 (C:\Users\qazio\AppData\Local\Programs\MiKTeX\tex/latex/amsfonts\umsa.fd
File: umsa.fd 2013/01/14 v3.01 AMS symbols A
)
LaTeX Font Info:    Trying to load font information for U+msb on input line 387.
 (C:\Users\qazio\AppData\Local\Programs\MiKTeX\tex/latex/amsfonts\umsb.fd
File: umsb.fd 2013/01/14 v3.01 AMS symbols B
)
LaTeX Font Info:    Trying to load font information for U+rsfs on input line 387.
 (C:\Users\qazio\AppData\Local\Programs\MiKTeX\tex/latex/jknappen\ursfs.fd
File: ursfs.fd 1998/03/24 rsfs font definition file (jk)
)
Underfull \hbox (badness 2261) in paragraph at lines 410--414
\T1/cmr/m/n/10.95 Dane do naszego pro-jektu to artykuy, ktre pozyskalimy z artykuw naukowych lub
 []

<DeepBeliefModeling_files/DeepBeliefModeling_6_1.png, id=6, 390.45876pt x 276.03125pt>
File: DeepBeliefModeling_files/DeepBeliefModeling_6_1.png Graphic file (type png)
<use DeepBeliefModeling_files/DeepBeliefModeling_6_1.png>
Package pdftex.def Info: DeepBeliefModeling_files/DeepBeliefModeling_6_1.png  used on input line 423.
(pdftex.def)             Requested size: 390.4578pt x 276.03056pt.
[1

{C:/Users/qazio/AppData/Local/MiKTeX/fonts/map/pdftex/pdftex.map}]
LaTeX Font Info:    Trying to load font information for T1+cmtt on input line 439.
 (C:\Users\qazio\AppData\Local\Programs\MiKTeX\tex/latex/base\t1cmtt.fd
File: t1cmtt.fd 2019/12/16 v2.5j Standard LaTeX font definitions
)
LaTeX Font Info:    Trying to load font information for TS1+cmtt on input line 440.
 (C:\Users\qazio\AppData\Local\Programs\MiKTeX\tex/latex/base\ts1cmtt.fd
File: ts1cmtt.fd 2019/12/16 v2.5j Standard LaTeX font definitions
) [2 <./DeepBeliefModeling_files/DeepBeliefModeling_6_1.png>] [3]
<DeepBeliefModeling_files/DeepBeliefModeling_13_0.png, id=42, 381.425pt x 264.99pt>
File: DeepBeliefModeling_files/DeepBeliefModeling_13_0.png Graphic file (type png)
<use DeepBeliefModeling_files/DeepBeliefModeling_13_0.png>
Package pdftex.def Info: DeepBeliefModeling_files/DeepBeliefModeling_13_0.png  used on input line 537.
(pdftex.def)             Requested size: 381.42406pt x 264.98935pt.

Underfull \hbox (badness 10000) in paragraph at lines 539--540

 []

<DeepBeliefModeling_files/DeepBeliefModeling_15_1.png, id=43, 465.74pt x 469.755pt>
File: DeepBeliefModeling_files/DeepBeliefModeling_15_1.png Graphic file (type png)
<use DeepBeliefModeling_files/DeepBeliefModeling_15_1.png>
Package pdftex.def Info: DeepBeliefModeling_files/DeepBeliefModeling_15_1.png  used on input line 548.
(pdftex.def)             Requested size: 465.73886pt x 469.75386pt.
[4 <./DeepBeliefModeling_files/DeepBeliefModeling_13_0.png>]
Underfull \hbox (badness 10000) in paragraph at lines 550--551

 []

<DeepBeliefModeling_files/DeepBeliefModeling_14_0.png, id=50, 605.26125pt x 320.19624pt>
File: DeepBeliefModeling_files/DeepBeliefModeling_14_0.png Graphic file (type png)
<use DeepBeliefModeling_files/DeepBeliefModeling_14_0.png>
Package pdftex.def Info: DeepBeliefModeling_files/DeepBeliefModeling_14_0.png  used on input line 553.
(pdftex.def)             Requested size: 605.25975pt x 320.19545pt.
[5 <./DeepBeliefModeling_files/DeepBeliefModeling_15_1.png>]
Underfull \hbox (badness 10000) in paragraph at lines 555--556

 []

[6 <./DeepBeliefModeling_files/DeepBeliefModeling_14_0.png>]
Overfull \vbox (43.16953pt too high) has occurred while \output is active []

 [7]
<DeepBeliefModeling_files/DeepBeliefModeling_19_1.png, id=68, 465.74pt x 469.755pt>
File: DeepBeliefModeling_files/DeepBeliefModeling_19_1.png Graphic file (type png)
<use DeepBeliefModeling_files/DeepBeliefModeling_19_1.png>
Package pdftex.def Info: DeepBeliefModeling_files/DeepBeliefModeling_19_1.png  used on input line 660.
(pdftex.def)             Requested size: 465.73886pt x 469.75386pt.
 [8]
Underfull \hbox (badness 10000) in paragraph at lines 662--663

 []

<DeepBeliefModeling_files/DeepBeliefModeling_18_1.png, id=80, 1154.3125pt x 1138.2525pt>
File: DeepBeliefModeling_files/DeepBeliefModeling_18_1.png Graphic file (type png)
<use DeepBeliefModeling_files/DeepBeliefModeling_18_1.png>
Package pdftex.def Info: DeepBeliefModeling_files/DeepBeliefModeling_18_1.png  used on input line 665.
(pdftex.def)             Requested size: 1154.3097pt x 1138.24974pt.
[9 <./DeepBeliefModeling_files/DeepBeliefModeling_19_1.png>]
Underfull \hbox (badness 10000) in paragraph at lines 667--668

 []

[10 <./DeepBeliefModeling_files/DeepBeliefModeling_18_1.png>]
<DeepBeliefModeling_files/DeepBeliefModeling_29_1.png, id=93, 1154.3125pt x 1138.2525pt>
File: DeepBeliefModeling_files/DeepBeliefModeling_29_1.png Graphic file (type png)
<use DeepBeliefModeling_files/DeepBeliefModeling_29_1.png>
Package pdftex.def Info: DeepBeliefModeling_files/DeepBeliefModeling_29_1.png  used on input line 699.
(pdftex.def)             Requested size: 1154.3097pt x 1138.24974pt.

Underfull \hbox (badness 10000) in paragraph at lines 701--702

 []

<DeepBeliefModeling_files/DeepBeliefModeling_30_1.png, id=94, 1154.3125pt x 1138.2525pt>
File: DeepBeliefModeling_files/DeepBeliefModeling_30_1.png Graphic file (type png)
<use DeepBeliefModeling_files/DeepBeliefModeling_30_1.png>
Package pdftex.def Info: DeepBeliefModeling_files/DeepBeliefModeling_30_1.png  used on input line 706.
(pdftex.def)             Requested size: 1154.3097pt x 1138.24974pt.
[11 <./DeepBeliefModeling_files/DeepBeliefModeling_29_1.png>]
Underfull \hbox (badness 10000) in paragraph at lines 708--709

 []

<DeepBeliefModeling_files/DeepBeliefModeling_31_1.png, id=102, 1249.66875pt x 1138.2525pt>
File: DeepBeliefModeling_files/DeepBeliefModeling_31_1.png Graphic file (type png)
<use DeepBeliefModeling_files/DeepBeliefModeling_31_1.png>
Package pdftex.def Info: DeepBeliefModeling_files/DeepBeliefModeling_31_1.png  used on input line 713.
(pdftex.def)             Requested size: 1249.66571pt x 1138.24974pt.
[12 <./DeepBeliefModeling_files/DeepBeliefModeling_30_1.png>]
Underfull \hbox (badness 10000) in paragraph at lines 715--716

 []

[13 <./DeepBeliefModeling_files/DeepBeliefModeling_31_1.png>]
<DeepBeliefModeling_files/DeepBeliefModeling_29_3.png, id=116, 1238.6275pt x 1138.2525pt>
File: DeepBeliefModeling_files/DeepBeliefModeling_29_3.png Graphic file (type png)
<use DeepBeliefModeling_files/DeepBeliefModeling_29_3.png>
Package pdftex.def Info: DeepBeliefModeling_files/DeepBeliefModeling_29_3.png  used on input line 729.
(pdftex.def)             Requested size: 1238.6245pt x 1138.24974pt.

Underfull \hbox (badness 10000) in paragraph at lines 731--732

 []

[14 <./DeepBeliefModeling_files/DeepBeliefModeling_29_3.png>]
<DeepBeliefModeling_files/DeepBeliefModeling_29_5.png, id=123, 1240.635pt x 1138.2525pt>
File: DeepBeliefModeling_files/DeepBeliefModeling_29_5.png Graphic file (type png)
<use DeepBeliefModeling_files/DeepBeliefModeling_29_5.png>
Package pdftex.def Info: DeepBeliefModeling_files/DeepBeliefModeling_29_5.png  used on input line 737.
(pdftex.def)             Requested size: 1240.63197pt x 1138.24974pt.

Underfull \hbox (badness 10000) in paragraph at lines 739--740

 []

[15 <./DeepBeliefModeling_files/DeepBeliefModeling_29_5.png>]
<DeepBeliefModeling_files/DeepBeliefModeling_29_7.png, id=129, 1231.60126pt x 1138.2525pt>
File: DeepBeliefModeling_files/DeepBeliefModeling_29_7.png Graphic file (type png)
<use DeepBeliefModeling_files/DeepBeliefModeling_29_7.png>
Package pdftex.def Info: DeepBeliefModeling_files/DeepBeliefModeling_29_7.png  used on input line 745.
(pdftex.def)             Requested size: 1231.59825pt x 1138.24974pt.

Underfull \hbox (badness 10000) in paragraph at lines 747--748

 []

[16 <./DeepBeliefModeling_files/DeepBeliefModeling_29_7.png>]
<DeepBeliefModeling_files/DeepBeliefModeling_29_9.png, id=135, 1231.60126pt x 1138.2525pt>
File: DeepBeliefModeling_files/DeepBeliefModeling_29_9.png Graphic file (type png)
<use DeepBeliefModeling_files/DeepBeliefModeling_29_9.png>
Package pdftex.def Info: DeepBeliefModeling_files/DeepBeliefModeling_29_9.png  used on input line 753.
(pdftex.def)             Requested size: 1231.59825pt x 1138.24974pt.

Underfull \hbox (badness 10000) in paragraph at lines 755--756

 []

[17 <./DeepBeliefModeling_files/DeepBeliefModeling_29_9.png>]
<DeepBeliefModeling_files/DeepBeliefModeling_29_11.png, id=141, 1175.39125pt x 1138.2525pt>
File: DeepBeliefModeling_files/DeepBeliefModeling_29_11.png Graphic file (type png)
<use DeepBeliefModeling_files/DeepBeliefModeling_29_11.png>
Package pdftex.def Info: DeepBeliefModeling_files/DeepBeliefModeling_29_11.png  used on input line 761.
(pdftex.def)             Requested size: 1175.3884pt x 1138.24974pt.

Underfull \hbox (badness 10000) in paragraph at lines 763--764

 []

[18 <./DeepBeliefModeling_files/DeepBeliefModeling_29_11.png>]
<DeepBeliefModeling_files/DeepBeliefModeling_29_13.png, id=147, 1154.3125pt x 1138.2525pt>
File: DeepBeliefModeling_files/DeepBeliefModeling_29_13.png Graphic file (type png)
<use DeepBeliefModeling_files/DeepBeliefModeling_29_13.png>
Package pdftex.def Info: DeepBeliefModeling_files/DeepBeliefModeling_29_13.png  used on input line 769.
(pdftex.def)             Requested size: 1154.3097pt x 1138.24974pt.

Underfull \hbox (badness 10000) in paragraph at lines 771--772

 []

[19 <./DeepBeliefModeling_files/DeepBeliefModeling_29_13.png>]
<DeepBeliefModeling_files/DeepBeliefModeling_29_15.png, id=154, 1154.3125pt x 1138.2525pt>
File: DeepBeliefModeling_files/DeepBeliefModeling_29_15.png Graphic file (type png)
<use DeepBeliefModeling_files/DeepBeliefModeling_29_15.png>
Package pdftex.def Info: DeepBeliefModeling_files/DeepBeliefModeling_29_15.png  used on input line 777.
(pdftex.def)             Requested size: 1154.3097pt x 1138.24974pt.

Underfull \hbox (badness 10000) in paragraph at lines 779--780

 []

[20 <./DeepBeliefModeling_files/DeepBeliefModeling_29_15.png>]
<DeepBeliefModeling_files/DeepBeliefModeling_30_3.png, id=160, 1249.66875pt x 1138.2525pt>
File: DeepBeliefModeling_files/DeepBeliefModeling_30_3.png Graphic file (type png)
<use DeepBeliefModeling_files/DeepBeliefModeling_30_3.png>
Package pdftex.def Info: DeepBeliefModeling_files/DeepBeliefModeling_30_3.png  used on input line 787.
(pdftex.def)             Requested size: 1249.66571pt x 1138.24974pt.

Underfull \hbox (badness 10000) in paragraph at lines 789--790

 []

[21 <./DeepBeliefModeling_files/DeepBeliefModeling_30_3.png>]
<DeepBeliefModeling_files/DeepBeliefModeling_30_5.png, id=167, 1284.8pt x 1138.2525pt>
File: DeepBeliefModeling_files/DeepBeliefModeling_30_5.png Graphic file (type png)
<use DeepBeliefModeling_files/DeepBeliefModeling_30_5.png>
Package pdftex.def Info: DeepBeliefModeling_files/DeepBeliefModeling_30_5.png  used on input line 795.
(pdftex.def)             Requested size: 1284.79688pt x 1138.24974pt.

Underfull \hbox (badness 10000) in paragraph at lines 797--798

 []

[22 <./DeepBeliefModeling_files/DeepBeliefModeling_30_5.png>]
<DeepBeliefModeling_files/DeepBeliefModeling_30_7.png, id=173, 1213.53375pt x 1138.2525pt>
File: DeepBeliefModeling_files/DeepBeliefModeling_30_7.png Graphic file (type png)
<use DeepBeliefModeling_files/DeepBeliefModeling_30_7.png>
Package pdftex.def Info: DeepBeliefModeling_files/DeepBeliefModeling_30_7.png  used on input line 803.
(pdftex.def)             Requested size: 1213.5308pt x 1138.24974pt.

Underfull \hbox (badness 10000) in paragraph at lines 805--806

 []

[23 <./DeepBeliefModeling_files/DeepBeliefModeling_30_7.png>]
<DeepBeliefModeling_files/DeepBeliefModeling_30_9.png, id=179, 1154.3125pt x 1138.2525pt>
File: DeepBeliefModeling_files/DeepBeliefModeling_30_9.png Graphic file (type png)
<use DeepBeliefModeling_files/DeepBeliefModeling_30_9.png>
Package pdftex.def Info: DeepBeliefModeling_files/DeepBeliefModeling_30_9.png  used on input line 811.
(pdftex.def)             Requested size: 1154.3097pt x 1138.24974pt.

Underfull \hbox (badness 10000) in paragraph at lines 813--814

 []

[24 <./DeepBeliefModeling_files/DeepBeliefModeling_30_9.png>]
<DeepBeliefModeling_files/DeepBeliefModeling_30_11.png, id=185, 1154.3125pt x 1138.2525pt>
File: DeepBeliefModeling_files/DeepBeliefModeling_30_11.png Graphic file (type png)
<use DeepBeliefModeling_files/DeepBeliefModeling_30_11.png>
Package pdftex.def Info: DeepBeliefModeling_files/DeepBeliefModeling_30_11.png  used on input line 819.
(pdftex.def)             Requested size: 1154.3097pt x 1138.24974pt.

Underfull \hbox (badness 10000) in paragraph at lines 821--822

 []

[25 <./DeepBeliefModeling_files/DeepBeliefModeling_30_11.png>]
<DeepBeliefModeling_files/DeepBeliefModeling_30_13.png, id=192, 1154.3125pt x 1138.2525pt>
File: DeepBeliefModeling_files/DeepBeliefModeling_30_13.png Graphic file (type png)
<use DeepBeliefModeling_files/DeepBeliefModeling_30_13.png>
Package pdftex.def Info: DeepBeliefModeling_files/DeepBeliefModeling_30_13.png  used on input line 827.
(pdftex.def)             Requested size: 1154.3097pt x 1138.24974pt.

Underfull \hbox (badness 10000) in paragraph at lines 829--830

 []

[26 <./DeepBeliefModeling_files/DeepBeliefModeling_30_13.png>]
<DeepBeliefModeling_files/DeepBeliefModeling_30_15.png, id=198, 1154.3125pt x 1138.2525pt>
File: DeepBeliefModeling_files/DeepBeliefModeling_30_15.png Graphic file (type png)
<use DeepBeliefModeling_files/DeepBeliefModeling_30_15.png>
Package pdftex.def Info: DeepBeliefModeling_files/DeepBeliefModeling_30_15.png  used on input line 835.
(pdftex.def)             Requested size: 1154.3097pt x 1138.24974pt.

Underfull \hbox (badness 10000) in paragraph at lines 837--838

 []

[27 <./DeepBeliefModeling_files/DeepBeliefModeling_30_15.png>]
<DeepBeliefModeling_files/DeepBeliefModeling_31_3.png, id=204, 1213.53375pt x 1138.2525pt>
File: DeepBeliefModeling_files/DeepBeliefModeling_31_3.png Graphic file (type png)
<use DeepBeliefModeling_files/DeepBeliefModeling_31_3.png>
Package pdftex.def Info: DeepBeliefModeling_files/DeepBeliefModeling_31_3.png  used on input line 845.
(pdftex.def)             Requested size: 1213.5308pt x 1138.24974pt.

Underfull \hbox (badness 10000) in paragraph at lines 847--848

 []

[28 <./DeepBeliefModeling_files/DeepBeliefModeling_31_3.png>]
<DeepBeliefModeling_files/DeepBeliefModeling_31_5.png, id=211, 1284.8pt x 1138.2525pt>
File: DeepBeliefModeling_files/DeepBeliefModeling_31_5.png Graphic file (type png)
<use DeepBeliefModeling_files/DeepBeliefModeling_31_5.png>
Package pdftex.def Info: DeepBeliefModeling_files/DeepBeliefModeling_31_5.png  used on input line 853.
(pdftex.def)             Requested size: 1284.79688pt x 1138.24974pt.

Underfull \hbox (badness 10000) in paragraph at lines 855--856

 []

[29 <./DeepBeliefModeling_files/DeepBeliefModeling_31_5.png>]
<DeepBeliefModeling_files/DeepBeliefModeling_31_7.png, id=217, 1284.8pt x 1138.2525pt>
File: DeepBeliefModeling_files/DeepBeliefModeling_31_7.png Graphic file (type png)
<use DeepBeliefModeling_files/DeepBeliefModeling_31_7.png>
Package pdftex.def Info: DeepBeliefModeling_files/DeepBeliefModeling_31_7.png  used on input line 861.
(pdftex.def)             Requested size: 1284.79688pt x 1138.24974pt.

Underfull \hbox (badness 10000) in paragraph at lines 863--864

 []

[30 <./DeepBeliefModeling_files/DeepBeliefModeling_31_7.png>]
<DeepBeliefModeling_files/DeepBeliefModeling_31_9.png, id=223, 1284.8pt x 1138.2525pt>
File: DeepBeliefModeling_files/DeepBeliefModeling_31_9.png Graphic file (type png)
<use DeepBeliefModeling_files/DeepBeliefModeling_31_9.png>
Package pdftex.def Info: DeepBeliefModeling_files/DeepBeliefModeling_31_9.png  used on input line 869.
(pdftex.def)             Requested size: 1284.79688pt x 1138.24974pt.

Underfull \hbox (badness 10000) in paragraph at lines 871--872

 []

[31 <./DeepBeliefModeling_files/DeepBeliefModeling_31_9.png>]
<DeepBeliefModeling_files/DeepBeliefModeling_31_11.png, id=230, 1284.8pt x 1138.2525pt>
File: DeepBeliefModeling_files/DeepBeliefModeling_31_11.png Graphic file (type png)
<use DeepBeliefModeling_files/DeepBeliefModeling_31_11.png>
Package pdftex.def Info: DeepBeliefModeling_files/DeepBeliefModeling_31_11.png  used on input line 877.
(pdftex.def)             Requested size: 1284.79688pt x 1138.24974pt.

Underfull \hbox (badness 10000) in paragraph at lines 879--880

 []

[32 <./DeepBeliefModeling_files/DeepBeliefModeling_31_11.png>]
<DeepBeliefModeling_files/DeepBeliefModeling_31_13.png, id=236, 1261.71375pt x 1138.2525pt>
File: DeepBeliefModeling_files/DeepBeliefModeling_31_13.png Graphic file (type png)
<use DeepBeliefModeling_files/DeepBeliefModeling_31_13.png>
Package pdftex.def Info: DeepBeliefModeling_files/DeepBeliefModeling_31_13.png  used on input line 885.
(pdftex.def)             Requested size: 1261.71068pt x 1138.24974pt.

Underfull \hbox (badness 10000) in paragraph at lines 887--888

 []

[33 <./DeepBeliefModeling_files/DeepBeliefModeling_31_13.png>]
<DeepBeliefModeling_files/DeepBeliefModeling_31_15.png, id=242, 1249.66875pt x 1138.2525pt>
File: DeepBeliefModeling_files/DeepBeliefModeling_31_15.png Graphic file (type png)
<use DeepBeliefModeling_files/DeepBeliefModeling_31_15.png>
Package pdftex.def Info: DeepBeliefModeling_files/DeepBeliefModeling_31_15.png  used on input line 893.
(pdftex.def)             Requested size: 1249.66571pt x 1138.24974pt.

Underfull \hbox (badness 10000) in paragraph at lines 895--896

 []

[34 <./DeepBeliefModeling_files/DeepBeliefModeling_31_15.png>]
<DeepBeliefModeling_files/DeepBeliefModeling_32_1.png, id=248, 1351.0475pt x 1138.2525pt>
File: DeepBeliefModeling_files/DeepBeliefModeling_32_1.png Graphic file (type png)
<use DeepBeliefModeling_files/DeepBeliefModeling_32_1.png>
Package pdftex.def Info: DeepBeliefModeling_files/DeepBeliefModeling_32_1.png  used on input line 903.
(pdftex.def)             Requested size: 1351.04422pt x 1138.24974pt.

Underfull \hbox (badness 10000) in paragraph at lines 905--906

 []

[35 <./DeepBeliefModeling_files/DeepBeliefModeling_32_1.png>]
<DeepBeliefModeling_files/DeepBeliefModeling_32_3.png, id=255, 1351.0475pt x 1138.2525pt>
File: DeepBeliefModeling_files/DeepBeliefModeling_32_3.png Graphic file (type png)
<use DeepBeliefModeling_files/DeepBeliefModeling_32_3.png>
Package pdftex.def Info: DeepBeliefModeling_files/DeepBeliefModeling_32_3.png  used on input line 911.
(pdftex.def)             Requested size: 1351.04422pt x 1138.24974pt.

Underfull \hbox (badness 10000) in paragraph at lines 913--914

 []

[36 <./DeepBeliefModeling_files/DeepBeliefModeling_32_3.png>]
<DeepBeliefModeling_files/DeepBeliefModeling_32_5.png, id=261, 1249.66875pt x 1138.2525pt>
File: DeepBeliefModeling_files/DeepBeliefModeling_32_5.png Graphic file (type png)
<use DeepBeliefModeling_files/DeepBeliefModeling_32_5.png>
Package pdftex.def Info: DeepBeliefModeling_files/DeepBeliefModeling_32_5.png  used on input line 919.
(pdftex.def)             Requested size: 1249.66571pt x 1138.24974pt.

Underfull \hbox (badness 10000) in paragraph at lines 921--922

 []

[37 <./DeepBeliefModeling_files/DeepBeliefModeling_32_5.png>]
<DeepBeliefModeling_files/DeepBeliefModeling_32_7.png, id=268, 1249.66875pt x 1138.2525pt>
File: DeepBeliefModeling_files/DeepBeliefModeling_32_7.png Graphic file (type png)
<use DeepBeliefModeling_files/DeepBeliefModeling_32_7.png>
Package pdftex.def Info: DeepBeliefModeling_files/DeepBeliefModeling_32_7.png  used on input line 927.
(pdftex.def)             Requested size: 1249.66571pt x 1138.24974pt.

Underfull \hbox (badness 10000) in paragraph at lines 929--930

 []

[38 <./DeepBeliefModeling_files/DeepBeliefModeling_32_7.png>]
<DeepBeliefModeling_files/DeepBeliefModeling_32_9.png, id=274, 1249.66875pt x 1138.2525pt>
File: DeepBeliefModeling_files/DeepBeliefModeling_32_9.png Graphic file (type png)
<use DeepBeliefModeling_files/DeepBeliefModeling_32_9.png>
Package pdftex.def Info: DeepBeliefModeling_files/DeepBeliefModeling_32_9.png  used on input line 935.
(pdftex.def)             Requested size: 1249.66571pt x 1138.24974pt.

Underfull \hbox (badness 10000) in paragraph at lines 937--938

 []

[39 <./DeepBeliefModeling_files/DeepBeliefModeling_32_9.png>]
<DeepBeliefModeling_files/DeepBeliefModeling_32_11.png, id=280, 1249.66875pt x 1138.2525pt>
File: DeepBeliefModeling_files/DeepBeliefModeling_32_11.png Graphic file (type png)
<use DeepBeliefModeling_files/DeepBeliefModeling_32_11.png>
Package pdftex.def Info: DeepBeliefModeling_files/DeepBeliefModeling_32_11.png  used on input line 943.
(pdftex.def)             Requested size: 1249.66571pt x 1138.24974pt.

Underfull \hbox (badness 10000) in paragraph at lines 945--946

 []

[40 <./DeepBeliefModeling_files/DeepBeliefModeling_32_11.png>]
<DeepBeliefModeling_files/DeepBeliefModeling_32_13.png, id=286, 1249.66875pt x 1138.2525pt>
File: DeepBeliefModeling_files/DeepBeliefModeling_32_13.png Graphic file (type png)
<use DeepBeliefModeling_files/DeepBeliefModeling_32_13.png>
Package pdftex.def Info: DeepBeliefModeling_files/DeepBeliefModeling_32_13.png  used on input line 951.
(pdftex.def)             Requested size: 1249.66571pt x 1138.24974pt.

Underfull \hbox (badness 10000) in paragraph at lines 953--954

 []

[41 <./DeepBeliefModeling_files/DeepBeliefModeling_32_13.png>]
Underfull \hbox (badness 1584) in paragraph at lines 985--988
[]\T1/cmr/m/n/10.95 Do otrzy-ma-nia wynikw wyko-rzys-tal-imy funkcj clas-si-fi-ca-tion_report z bib-lioteki sklearn.
 []

<../tasks/zad1_klasyfikacja_nowych_artykuw.png, id=292, 683.55376pt x 269.005pt>
File: ../tasks/zad1_klasyfikacja_nowych_artykuw.png Graphic file (type png)
<use ../tasks/zad1_klasyfikacja_nowych_artykuw.png>
Package pdftex.def Info: ../tasks/zad1_klasyfikacja_nowych_artykuw.png  used on input line 1004.
(pdftex.def)             Requested size: 683.5521pt x 269.00433pt.
[42]
<../tasks/zad2_rozszerzenie_danych_i_cross_validacja.png, id=300, 670.505pt x 274.02374pt>
File: ../tasks/zad2_rozszerzenie_danych_i_cross_validacja.png Graphic file (type png)
<use ../tasks/zad2_rozszerzenie_danych_i_cross_validacja.png>
Package pdftex.def Info: ../tasks/zad2_rozszerzenie_danych_i_cross_validacja.png  used on input line 1018.
(pdftex.def)             Requested size: 670.50337pt x 274.02307pt.
<../simulations_storage/plots/Anti_person_knowledge.png, id=301, 1445.4pt x 1445.4pt>
File: ../simulations_storage/plots/Anti_person_knowledge.png Graphic file (type png)
<use ../simulations_storage/plots/Anti_person_knowledge.png>
Package pdftex.def Info: ../simulations_storage/plots/Anti_person_knowledge.png  used on input line 1034.
(pdftex.def)             Requested size: 1445.39648pt x 1445.39648pt.
 [43 <../tasks/zad1_klasyfikacja_nowych_artykuw.png> <../tasks/zad2_rozszerzenie_danych_i_cross_validacja.png>]
Underfull \hbox (badness 10000) in paragraph at lines 1036--1037

 []

<../simulations_storage/plots/Pro_person_knowledge.png, id=311, 1445.4pt x 1445.4pt>
File: ../simulations_storage/plots/Pro_person_knowledge.png Graphic file (type png)
<use ../simulations_storage/plots/Pro_person_knowledge.png>
Package pdftex.def Info: ../simulations_storage/plots/Pro_person_knowledge.png  used on input line 1041.
(pdftex.def)             Requested size: 1445.39648pt x 1445.39648pt.
[44 <../simulations_storage/plots/Anti_person_knowledge.png>]
Underfull \hbox (badness 10000) in paragraph at lines 1043--1044

 []

<../simulations_storage/plots/All_person_knowledge.png, id=318, 1445.4pt x 1445.4pt>
File: ../simulations_storage/plots/All_person_knowledge.png Graphic file (type png)
<use ../simulations_storage/plots/All_person_knowledge.png>
Package pdftex.def Info: ../simulations_storage/plots/All_person_knowledge.png  used on input line 1048.
(pdftex.def)             Requested size: 1445.39648pt x 1445.39648pt.
[45 <../simulations_storage/plots/Pro_person_knowledge.png>]
Underfull \hbox (badness 10000) in paragraph at lines 1050--1051

 []

[46 <../simulations_storage/plots/All_person_knowledge.png>]
<../simulations_storage/plots/Anti_person_Pro_data_1.png, id=331, 1445.4pt x 1445.4pt>
File: ../simulations_storage/plots/Anti_person_Pro_data_1.png Graphic file (type png)
<use ../simulations_storage/plots/Anti_person_Pro_data_1.png>
Package pdftex.def Info: ../simulations_storage/plots/Anti_person_Pro_data_1.png  used on input line 1059.
(pdftex.def)             Requested size: 1445.39648pt x 1445.39648pt.

Underfull \hbox (badness 10000) in paragraph at lines 1061--1062

 []

[47 <../simulations_storage/plots/Anti_person_Pro_data_1.png>]
<../simulations_storage/plots/Anti_person_Pro_data_0.5.png, id=338, 1445.4pt x 1445.4pt>
File: ../simulations_storage/plots/Anti_person_Pro_data_0.5.png Graphic file (type png)
<use ../simulations_storage/plots/Anti_person_Pro_data_0.5.png>
Package pdftex.def Info: ../simulations_storage/plots/Anti_person_Pro_data_0.5.png  used on input line 1067.
(pdftex.def)             Requested size: 1445.39648pt x 1445.39648pt.

Underfull \hbox (badness 10000) in paragraph at lines 1069--1070

 []

[48 <../simulations_storage/plots/Anti_person_Pro_data_0.5.png>]
<../simulations_storage/plots/Anti_person_Pro_data_0.25.png, id=344, 1445.4pt x 1445.4pt>
File: ../simulations_storage/plots/Anti_person_Pro_data_0.25.png Graphic file (type png)
<use ../simulations_storage/plots/Anti_person_Pro_data_0.25.png>
Package pdftex.def Info: ../simulations_storage/plots/Anti_person_Pro_data_0.25.png  used on input line 1075.
(pdftex.def)             Requested size: 1445.39648pt x 1445.39648pt.

Underfull \hbox (badness 10000) in paragraph at lines 1077--1078

 []

[49 <../simulations_storage/plots/Anti_person_Pro_data_0.25.png>]
<../simulations_storage/plots/Anti_person_Pro_data_0.15.png, id=351, 1445.4pt x 1445.4pt>
File: ../simulations_storage/plots/Anti_person_Pro_data_0.15.png Graphic file (type png)
<use ../simulations_storage/plots/Anti_person_Pro_data_0.15.png>
Package pdftex.def Info: ../simulations_storage/plots/Anti_person_Pro_data_0.15.png  used on input line 1083.
(pdftex.def)             Requested size: 1445.39648pt x 1445.39648pt.

Underfull \hbox (badness 10000) in paragraph at lines 1085--1086

 []

[50 <../simulations_storage/plots/Anti_person_Pro_data_0.15.png>]
<../simulations_storage/plots/Anti_person_Pro_data_0.1.png, id=357, 1445.4pt x 1445.4pt>
File: ../simulations_storage/plots/Anti_person_Pro_data_0.1.png Graphic file (type png)
<use ../simulations_storage/plots/Anti_person_Pro_data_0.1.png>
Package pdftex.def Info: ../simulations_storage/plots/Anti_person_Pro_data_0.1.png  used on input line 1091.
(pdftex.def)             Requested size: 1445.39648pt x 1445.39648pt.

Underfull \hbox (badness 10000) in paragraph at lines 1093--1094

 []

[51 <../simulations_storage/plots/Anti_person_Pro_data_0.1.png>]
<../simulations_storage/plots/Anti_person_Pro_data_0.05.png, id=363, 1445.4pt x 1445.4pt>
File: ../simulations_storage/plots/Anti_person_Pro_data_0.05.png Graphic file (type png)
<use ../simulations_storage/plots/Anti_person_Pro_data_0.05.png>
Package pdftex.def Info: ../simulations_storage/plots/Anti_person_Pro_data_0.05.png  used on input line 1099.
(pdftex.def)             Requested size: 1445.39648pt x 1445.39648pt.

Underfull \hbox (badness 10000) in paragraph at lines 1101--1102

 []

[52 <../simulations_storage/plots/Anti_person_Pro_data_0.05.png>]
<../simulations_storage/plots/Anti_person_Pro_data_0.01.png, id=369, 1445.4pt x 1445.4pt>
File: ../simulations_storage/plots/Anti_person_Pro_data_0.01.png Graphic file (type png)
<use ../simulations_storage/plots/Anti_person_Pro_data_0.01.png>
Package pdftex.def Info: ../simulations_storage/plots/Anti_person_Pro_data_0.01.png  used on input line 1107.
(pdftex.def)             Requested size: 1445.39648pt x 1445.39648pt.

Underfull \hbox (badness 10000) in paragraph at lines 1109--1110

 []

[53 <../simulations_storage/plots/Anti_person_Pro_data_0.01.png>] [54]
<../simulations_storage/plots/Pro_person_Anti_data_1.png, id=379, 1445.4pt x 1445.4pt>
File: ../simulations_storage/plots/Pro_person_Anti_data_1.png Graphic file (type png)
<use ../simulations_storage/plots/Pro_person_Anti_data_1.png>
Package pdftex.def Info: ../simulations_storage/plots/Pro_person_Anti_data_1.png  used on input line 1121.
(pdftex.def)             Requested size: 1445.39648pt x 1445.39648pt.

Underfull \hbox (badness 10000) in paragraph at lines 1123--1124

 []

[55 <../simulations_storage/plots/Pro_person_Anti_data_1.png>]
<../simulations_storage/plots/Pro_person_Anti_data_0.5.png, id=387, 1445.4pt x 1445.4pt>
File: ../simulations_storage/plots/Pro_person_Anti_data_0.5.png Graphic file (type png)
<use ../simulations_storage/plots/Pro_person_Anti_data_0.5.png>
Package pdftex.def Info: ../simulations_storage/plots/Pro_person_Anti_data_0.5.png  used on input line 1129.
(pdftex.def)             Requested size: 1445.39648pt x 1445.39648pt.

Underfull \hbox (badness 10000) in paragraph at lines 1131--1132

 []

[56 <../simulations_storage/plots/Pro_person_Anti_data_0.5.png>]
<../simulations_storage/plots/Pro_person_Anti_data_0.25.png, id=393, 1445.4pt x 1445.4pt>
File: ../simulations_storage/plots/Pro_person_Anti_data_0.25.png Graphic file (type png)
<use ../simulations_storage/plots/Pro_person_Anti_data_0.25.png>
Package pdftex.def Info: ../simulations_storage/plots/Pro_person_Anti_data_0.25.png  used on input line 1137.
(pdftex.def)             Requested size: 1445.39648pt x 1445.39648pt.

Underfull \hbox (badness 10000) in paragraph at lines 1139--1140

 []

[57 <../simulations_storage/plots/Pro_person_Anti_data_0.25.png>]
<../simulations_storage/plots/Pro_person_Anti_data_0.15.png, id=399, 1445.4pt x 1445.4pt>
File: ../simulations_storage/plots/Pro_person_Anti_data_0.15.png Graphic file (type png)
<use ../simulations_storage/plots/Pro_person_Anti_data_0.15.png>
Package pdftex.def Info: ../simulations_storage/plots/Pro_person_Anti_data_0.15.png  used on input line 1145.
(pdftex.def)             Requested size: 1445.39648pt x 1445.39648pt.

Underfull \hbox (badness 10000) in paragraph at lines 1147--1148

 []

[58 <../simulations_storage/plots/Pro_person_Anti_data_0.15.png>]
<../simulations_storage/plots/Pro_person_Anti_data_0.1.png, id=405, 1445.4pt x 1445.4pt>
File: ../simulations_storage/plots/Pro_person_Anti_data_0.1.png Graphic file (type png)
<use ../simulations_storage/plots/Pro_person_Anti_data_0.1.png>
Package pdftex.def Info: ../simulations_storage/plots/Pro_person_Anti_data_0.1.png  used on input line 1153.
(pdftex.def)             Requested size: 1445.39648pt x 1445.39648pt.

Underfull \hbox (badness 10000) in paragraph at lines 1155--1156

 []

[59 <../simulations_storage/plots/Pro_person_Anti_data_0.1.png>]
<../simulations_storage/plots/Pro_person_Anti_data_0.05.png, id=411, 1445.4pt x 1445.4pt>
File: ../simulations_storage/plots/Pro_person_Anti_data_0.05.png Graphic file (type png)
<use ../simulations_storage/plots/Pro_person_Anti_data_0.05.png>
Package pdftex.def Info: ../simulations_storage/plots/Pro_person_Anti_data_0.05.png  used on input line 1161.
(pdftex.def)             Requested size: 1445.39648pt x 1445.39648pt.

Underfull \hbox (badness 10000) in paragraph at lines 1163--1164

 []

[60 <../simulations_storage/plots/Pro_person_Anti_data_0.05.png>]
<../simulations_storage/plots/Pro_person_Anti_data_0.01.png, id=417, 1445.4pt x 1445.4pt>
File: ../simulations_storage/plots/Pro_person_Anti_data_0.01.png Graphic file (type png)
<use ../simulations_storage/plots/Pro_person_Anti_data_0.01.png>
Package pdftex.def Info: ../simulations_storage/plots/Pro_person_Anti_data_0.01.png  used on input line 1169.
(pdftex.def)             Requested size: 1445.39648pt x 1445.39648pt.

Underfull \hbox (badness 10000) in paragraph at lines 1171--1172

 []

[61 <../simulations_storage/plots/Pro_person_Anti_data_0.01.png>] [62]
<../simulations_storage/plots/All_person_Pro_data_1.png, id=428, 1445.4pt x 1445.4pt>
File: ../simulations_storage/plots/All_person_Pro_data_1.png Graphic file (type png)
<use ../simulations_storage/plots/All_person_Pro_data_1.png>
Package pdftex.def Info: ../simulations_storage/plots/All_person_Pro_data_1.png  used on input line 1183.
(pdftex.def)             Requested size: 1445.39648pt x 1445.39648pt.

Underfull \hbox (badness 10000) in paragraph at lines 1185--1186

 []

[63 <../simulations_storage/plots/All_person_Pro_data_1.png>]
<../simulations_storage/plots/All_person_Pro_data_0.5.png, id=435, 1445.4pt x 1445.4pt>
File: ../simulations_storage/plots/All_person_Pro_data_0.5.png Graphic file (type png)
<use ../simulations_storage/plots/All_person_Pro_data_0.5.png>
Package pdftex.def Info: ../simulations_storage/plots/All_person_Pro_data_0.5.png  used on input line 1191.
(pdftex.def)             Requested size: 1445.39648pt x 1445.39648pt.

Underfull \hbox (badness 10000) in paragraph at lines 1193--1194

 []

[64 <../simulations_storage/plots/All_person_Pro_data_0.5.png>]
<../simulations_storage/plots/All_person_Pro_data_0.25.png, id=441, 1445.4pt x 1445.4pt>
File: ../simulations_storage/plots/All_person_Pro_data_0.25.png Graphic file (type png)
<use ../simulations_storage/plots/All_person_Pro_data_0.25.png>
Package pdftex.def Info: ../simulations_storage/plots/All_person_Pro_data_0.25.png  used on input line 1199.
(pdftex.def)             Requested size: 1445.39648pt x 1445.39648pt.

Underfull \hbox (badness 10000) in paragraph at lines 1201--1202

 []

[65 <../simulations_storage/plots/All_person_Pro_data_0.25.png>]
<../simulations_storage/plots/All_person_Pro_data_0.15.png, id=447, 1445.4pt x 1445.4pt>
File: ../simulations_storage/plots/All_person_Pro_data_0.15.png Graphic file (type png)
<use ../simulations_storage/plots/All_person_Pro_data_0.15.png>
Package pdftex.def Info: ../simulations_storage/plots/All_person_Pro_data_0.15.png  used on input line 1207.
(pdftex.def)             Requested size: 1445.39648pt x 1445.39648pt.

Underfull \hbox (badness 10000) in paragraph at lines 1209--1210

 []

[66 <../simulations_storage/plots/All_person_Pro_data_0.15.png>]
<../simulations_storage/plots/All_person_Pro_data_0.1.png, id=453, 1445.4pt x 1445.4pt>
File: ../simulations_storage/plots/All_person_Pro_data_0.1.png Graphic file (type png)
<use ../simulations_storage/plots/All_person_Pro_data_0.1.png>
Package pdftex.def Info: ../simulations_storage/plots/All_person_Pro_data_0.1.png  used on input line 1215.
(pdftex.def)             Requested size: 1445.39648pt x 1445.39648pt.

Underfull \hbox (badness 10000) in paragraph at lines 1217--1218

 []

[67 <../simulations_storage/plots/All_person_Pro_data_0.1.png>]
<../simulations_storage/plots/All_person_Pro_data_0.05.png, id=460, 1445.4pt x 1445.4pt>
File: ../simulations_storage/plots/All_person_Pro_data_0.05.png Graphic file (type png)
<use ../simulations_storage/plots/All_person_Pro_data_0.05.png>
Package pdftex.def Info: ../simulations_storage/plots/All_person_Pro_data_0.05.png  used on input line 1223.
(pdftex.def)             Requested size: 1445.39648pt x 1445.39648pt.

Underfull \hbox (badness 10000) in paragraph at lines 1225--1226

 []

[68 <../simulations_storage/plots/All_person_Pro_data_0.05.png>]
<../simulations_storage/plots/All_person_Pro_data_0.01.png, id=466, 1445.4pt x 1445.4pt>
File: ../simulations_storage/plots/All_person_Pro_data_0.01.png Graphic file (type png)
<use ../simulations_storage/plots/All_person_Pro_data_0.01.png>
Package pdftex.def Info: ../simulations_storage/plots/All_person_Pro_data_0.01.png  used on input line 1231.
(pdftex.def)             Requested size: 1445.39648pt x 1445.39648pt.

Underfull \hbox (badness 10000) in paragraph at lines 1233--1234

 []

[69 <../simulations_storage/plots/All_person_Pro_data_0.01.png>] [70]
<../simulations_storage/plots/All_person_Anti_data_1.png, id=476, 1445.4pt x 1445.4pt>
File: ../simulations_storage/plots/All_person_Anti_data_1.png Graphic file (type png)
<use ../simulations_storage/plots/All_person_Anti_data_1.png>
Package pdftex.def Info: ../simulations_storage/plots/All_person_Anti_data_1.png  used on input line 1245.
(pdftex.def)             Requested size: 1445.39648pt x 1445.39648pt.

Underfull \hbox (badness 10000) in paragraph at lines 1247--1248

 []

[71 <../simulations_storage/plots/All_person_Anti_data_1.png>]
<../simulations_storage/plots/All_person_Anti_data_0.5.png, id=483, 1445.4pt x 1445.4pt>
File: ../simulations_storage/plots/All_person_Anti_data_0.5.png Graphic file (type png)
<use ../simulations_storage/plots/All_person_Anti_data_0.5.png>
Package pdftex.def Info: ../simulations_storage/plots/All_person_Anti_data_0.5.png  used on input line 1253.
(pdftex.def)             Requested size: 1445.39648pt x 1445.39648pt.

Underfull \hbox (badness 10000) in paragraph at lines 1255--1256

 []

[72 <../simulations_storage/plots/All_person_Anti_data_0.5.png>]
<../simulations_storage/plots/All_person_Anti_data_0.25.png, id=489, 1445.4pt x 1445.4pt>
File: ../simulations_storage/plots/All_person_Anti_data_0.25.png Graphic file (type png)
<use ../simulations_storage/plots/All_person_Anti_data_0.25.png>
Package pdftex.def Info: ../simulations_storage/plots/All_person_Anti_data_0.25.png  used on input line 1261.
(pdftex.def)             Requested size: 1445.39648pt x 1445.39648pt.

Underfull \hbox (badness 10000) in paragraph at lines 1263--1264

 []

[73 <../simulations_storage/plots/All_person_Anti_data_0.25.png>]
<../simulations_storage/plots/All_person_Anti_data_0.15.png, id=496, 1445.4pt x 1445.4pt>
File: ../simulations_storage/plots/All_person_Anti_data_0.15.png Graphic file (type png)
<use ../simulations_storage/plots/All_person_Anti_data_0.15.png>
Package pdftex.def Info: ../simulations_storage/plots/All_person_Anti_data_0.15.png  used on input line 1269.
(pdftex.def)             Requested size: 1445.39648pt x 1445.39648pt.

Underfull \hbox (badness 10000) in paragraph at lines 1271--1272

 []

[74 <../simulations_storage/plots/All_person_Anti_data_0.15.png>]
<../simulations_storage/plots/All_person_Anti_data_0.1.png, id=502, 1445.4pt x 1445.4pt>
File: ../simulations_storage/plots/All_person_Anti_data_0.1.png Graphic file (type png)
<use ../simulations_storage/plots/All_person_Anti_data_0.1.png>
Package pdftex.def Info: ../simulations_storage/plots/All_person_Anti_data_0.1.png  used on input line 1277.
(pdftex.def)             Requested size: 1445.39648pt x 1445.39648pt.

Underfull \hbox (badness 10000) in paragraph at lines 1279--1280

 []

[75 <../simulations_storage/plots/All_person_Anti_data_0.1.png>]
<../simulations_storage/plots/All_person_Anti_data_0.05.png, id=508, 1445.4pt x 1445.4pt>
File: ../simulations_storage/plots/All_person_Anti_data_0.05.png Graphic file (type png)
<use ../simulations_storage/plots/All_person_Anti_data_0.05.png>
Package pdftex.def Info: ../simulations_storage/plots/All_person_Anti_data_0.05.png  used on input line 1285.
(pdftex.def)             Requested size: 1445.39648pt x 1445.39648pt.

Underfull \hbox (badness 10000) in paragraph at lines 1287--1288

 []

[76 <../simulations_storage/plots/All_person_Anti_data_0.05.png>]
<../simulations_storage/plots/All_person_Anti_data_0.01.png, id=514, 1445.4pt x 1445.4pt>
File: ../simulations_storage/plots/All_person_Anti_data_0.01.png Graphic file (type png)
<use ../simulations_storage/plots/All_person_Anti_data_0.01.png>
Package pdftex.def Info: ../simulations_storage/plots/All_person_Anti_data_0.01.png  used on input line 1293.
(pdftex.def)             Requested size: 1445.39648pt x 1445.39648pt.

Underfull \hbox (badness 10000) in paragraph at lines 1295--1296

 []

[77 <../simulations_storage/plots/All_person_Anti_data_0.01.png>] [78] [79] (DeepBeliefModeling.aux)
Package rerunfilecheck Info: File `DeepBeliefModeling.out' has not changed.
(rerunfilecheck)             Checksum: D41D8CD98F00B204E9800998ECF8427E;0.
 ) 
Here is how much of TeX's memory you used:
 27126 strings out of 478582
 523168 string characters out of 2844344
 819874 words of memory out of 3000000
 44647 multiletter control sequences out of 15000+600000
 484148 words of font info for 72 fonts, out of 8000000 for 9000
 1141 hyphenation exceptions out of 8191
 99i,8n,104p,639b,527s stack positions out of 10000i,1000n,20000p,200000b,80000s
 <C:\Users\qazio\AppData\Local\MiKTeX\fonts/pk/ljfour/jknappen/ec/dpi600\ecbx1095.pk> <C:\Users\qazio\AppData\Local\MiKTeX\fonts/pk/ljfour/jknappen/ec/dpi600\tcrm1095.pk> <C:\Users\qazio\AppData\Local\MiKTeX\fonts/pk/ljfour/jknappen/ec/dpi600\tctt1095.pk> <C:\Users\qazio\AppData\Local\MiKTeX\fonts/pk/ljfour/jknappen/ec/dpi600\ectt1095.pk> <C:\Users\qazio\AppData\Local\MiKTeX\fonts/pk/ljfour/jknappen/ec/dpi600\ecbx1200.pk> <C:\Users\qazio\AppData\Local\MiKTeX\fonts/pk/ljfour/jknappen/ec/dpi600\ecrm1095.pk> <C:\Users\qazio\AppData\Local\MiKTeX\fonts/pk/ljfour/jknappen/ec/dpi600\ecbx1440.pk> <C:\Users\qazio\AppData\Local\MiKTeX\fonts/pk/ljfour/jknappen/ec/dpi600\ecrm1200.pk> <C:\Users\qazio\AppData\Local\MiKTeX\fonts/pk/ljfour/jknappen/ec/dpi600\ecrm1728.pk><C:/Users/qazio/AppData/Local/Programs/MiKTeX/fonts/type1/public/amsfonts/cm/cmmi10.pfb><C:/Users/qazio/AppData/Local/Programs/MiKTeX/fonts/type1/public/amsfonts/cm/cmmi8.pfb><C:/Users/qazio/AppData/Local/Programs/MiKTeX/fonts/type1/public/amsfonts/cm/cmr10.pfb><C:/Users/qazio/AppData/Local/Programs/MiKTeX/fonts/type1/public/amsfonts/cm/cmr8.pfb><C:/Users/qazio/AppData/Local/Programs/MiKTeX/fonts/type1/public/amsfonts/cm/cmsy10.pfb>
Output written on DeepBeliefModeling.pdf (79 pages, 8318534 bytes).
PDF statistics:
 898 PDF objects out of 1000 (max. 8388607)
 120 named destinations out of 1000 (max. 500000)
 363 words of extra memory for PDF output out of 10000 (max. 10000000)

